==========================================
SLURM_JOB_ID = 10383234
SLURM_SUBMIT_DIR = /home/bcheng4/TwoCapital_Shrink
SLURM_JOB_NODELIST = mcn32
==========================================
#! /bin/bash

######## login
## SBATCH --job-name=0.025_0.05
#SBATCH --job-name=0_0.05
#SBATCH --output=./job-outs/2jump_step_0.1_0.1_0.1_LR_0.05_drs_unit_ambplus_addmiss_rerun_smallerinterval/xia_0.0004_xip_0.025_PSI0_0.105830_PSI1_0.5/mercury_pre_0.05.out
#SBATCH --error=./job-outs/2jump_step_0.1_0.1_0.1_LR_0.05_drs_unit_ambplus_addmiss_rerun_smallerinterval/xia_0.0004_xip_0.025_PSI0_0.105830_PSI1_0.5/mercury_pre_0.05.err

#SBATCH --account=pi-lhansen
#SBATCH --partition=standard
#SBATCH --cpus-per-task=10
#SBATCH --mem=16G
#SBATCH --time=7-00:00:00
#SBATCH --exclude=mcn53

module purge
####### load modules
module load python/booth/3.8/3.8.5  gcc/9.2.0

echo "$SLURM_JOB_NAME"

echo "Program starts $(date)"
start_time=$(date +%s)
# perform a task

srun python3 /home/bcheng4/TwoCapital_Shrink/abatement/predamage_2jump_drs_unit_ambplus_addmiss.py --num_gamma 5 --xi_a 0.0004 --xi_p 0.025  --epsilonarr 0.05 0.05  --fractionarr 0.1 0.05   --maxiterarr 80000 200000  --psi_0 0.105830 --psi_1 0.5    --name 2jump_step_0.1_0.1_0.1_LR_0.05_drs_unit_ambplus_addmiss_rerun_smallerinterval --hXarr 0.1 0.1 0.1 --Xminarr 5.50 0.50 1.0 0.50 --Xmaxarr 8.50 2.50 4.0 2.40

echo "Program ends $(date)"
end_time=$(date +%s)

# elapsed time with second resolution
elapsed=$((end_time - start_time))

eval "echo Elapsed time: $(date -ud "@$elapsed" +'$((%s/3600/24)) days %H hr %M min %S sec')"

Submitted batch job 10383235
#! /bin/bash

######## login
## SBATCH --job-name=0.025_0.05
#SBATCH --job-name=1_0.05
#SBATCH --output=./job-outs/2jump_step_0.1_0.1_0.1_LR_0.05_drs_unit_ambplus_addmiss_rerun_smallerinterval/xia_0.0002_xip_0.025_PSI0_0.105830_PSI1_0.5/mercury_pre_0.05.out
#SBATCH --error=./job-outs/2jump_step_0.1_0.1_0.1_LR_0.05_drs_unit_ambplus_addmiss_rerun_smallerinterval/xia_0.0002_xip_0.025_PSI0_0.105830_PSI1_0.5/mercury_pre_0.05.err

#SBATCH --account=pi-lhansen
#SBATCH --partition=standard
#SBATCH --cpus-per-task=10
#SBATCH --mem=16G
#SBATCH --time=7-00:00:00
#SBATCH --exclude=mcn53

module purge
####### load modules
module load python/booth/3.8/3.8.5  gcc/9.2.0

echo "$SLURM_JOB_NAME"

echo "Program starts $(date)"
start_time=$(date +%s)
# perform a task

srun python3 /home/bcheng4/TwoCapital_Shrink/abatement/predamage_2jump_drs_unit_ambplus_addmiss.py --num_gamma 5 --xi_a 0.0002 --xi_p 0.025  --epsilonarr 0.05 0.05  --fractionarr 0.1 0.05   --maxiterarr 80000 200000  --psi_0 0.105830 --psi_1 0.5    --name 2jump_step_0.1_0.1_0.1_LR_0.05_drs_unit_ambplus_addmiss_rerun_smallerinterval --hXarr 0.1 0.1 0.1 --Xminarr 5.50 0.50 1.0 0.50 --Xmaxarr 8.50 2.50 4.0 2.40

echo "Program ends $(date)"
end_time=$(date +%s)

# elapsed time with second resolution
elapsed=$((end_time - start_time))

eval "echo Elapsed time: $(date -ud "@$elapsed" +'$((%s/3600/24)) days %H hr %M min %S sec')"

Submitted batch job 10383236
#! /bin/bash

######## login
## SBATCH --job-name=0.025_0.05
#SBATCH --job-name=2_0.05
#SBATCH --output=./job-outs/2jump_step_0.1_0.1_0.1_LR_0.05_drs_unit_ambplus_addmiss_rerun_smallerinterval/xia_0.0001_xip_0.025_PSI0_0.105830_PSI1_0.5/mercury_pre_0.05.out
#SBATCH --error=./job-outs/2jump_step_0.1_0.1_0.1_LR_0.05_drs_unit_ambplus_addmiss_rerun_smallerinterval/xia_0.0001_xip_0.025_PSI0_0.105830_PSI1_0.5/mercury_pre_0.05.err

#SBATCH --account=pi-lhansen
#SBATCH --partition=standard
#SBATCH --cpus-per-task=10
#SBATCH --mem=16G
#SBATCH --time=7-00:00:00
#SBATCH --exclude=mcn53

module purge
####### load modules
module load python/booth/3.8/3.8.5  gcc/9.2.0

echo "$SLURM_JOB_NAME"

echo "Program starts $(date)"
start_time=$(date +%s)
# perform a task

srun python3 /home/bcheng4/TwoCapital_Shrink/abatement/predamage_2jump_drs_unit_ambplus_addmiss.py --num_gamma 5 --xi_a 0.0001 --xi_p 0.025  --epsilonarr 0.05 0.05  --fractionarr 0.1 0.05   --maxiterarr 80000 200000  --psi_0 0.105830 --psi_1 0.5    --name 2jump_step_0.1_0.1_0.1_LR_0.05_drs_unit_ambplus_addmiss_rerun_smallerinterval --hXarr 0.1 0.1 0.1 --Xminarr 5.50 0.50 1.0 0.50 --Xmaxarr 8.50 2.50 4.0 2.40

echo "Program ends $(date)"
end_time=$(date +%s)

# elapsed time with second resolution
elapsed=$((end_time - start_time))

eval "echo Elapsed time: $(date -ud "@$elapsed" +'$((%s/3600/24)) days %H hr %M min %S sec')"

Submitted batch job 10383237
#! /bin/bash

######## login
## SBATCH --job-name=0.025_0.05
#SBATCH --job-name=3_0.05
#SBATCH --output=./job-outs/2jump_step_0.1_0.1_0.1_LR_0.05_drs_unit_ambplus_addmiss_rerun_smallerinterval/xia_0.00005_xip_0.025_PSI0_0.105830_PSI1_0.5/mercury_pre_0.05.out
#SBATCH --error=./job-outs/2jump_step_0.1_0.1_0.1_LR_0.05_drs_unit_ambplus_addmiss_rerun_smallerinterval/xia_0.00005_xip_0.025_PSI0_0.105830_PSI1_0.5/mercury_pre_0.05.err

#SBATCH --account=pi-lhansen
#SBATCH --partition=standard
#SBATCH --cpus-per-task=10
#SBATCH --mem=16G
#SBATCH --time=7-00:00:00
#SBATCH --exclude=mcn53

module purge
####### load modules
module load python/booth/3.8/3.8.5  gcc/9.2.0

echo "$SLURM_JOB_NAME"

echo "Program starts $(date)"
start_time=$(date +%s)
# perform a task

srun python3 /home/bcheng4/TwoCapital_Shrink/abatement/predamage_2jump_drs_unit_ambplus_addmiss.py --num_gamma 5 --xi_a 0.00005 --xi_p 0.025  --epsilonarr 0.05 0.05  --fractionarr 0.1 0.05   --maxiterarr 80000 200000  --psi_0 0.105830 --psi_1 0.5    --name 2jump_step_0.1_0.1_0.1_LR_0.05_drs_unit_ambplus_addmiss_rerun_smallerinterval --hXarr 0.1 0.1 0.1 --Xminarr 5.50 0.50 1.0 0.50 --Xmaxarr 8.50 2.50 4.0 2.40

echo "Program ends $(date)"
end_time=$(date +%s)

# elapsed time with second resolution
elapsed=$((end_time - start_time))

eval "echo Elapsed time: $(date -ud "@$elapsed" +'$((%s/3600/24)) days %H hr %M min %S sec')"

Submitted batch job 10383238
