==========================================
SLURM_JOB_ID = 10175289
SLURM_SUBMIT_DIR = /home/bcheng4/TwoCapital_Shrink
SLURM_JOB_NODELIST = mcn33
==========================================
#! /bin/bash

######## login
#SBATCH --job-name=1000.
#SBATCH --output=./job-outs/2jump_step_0.2_0.2_0.2_LR_0.008_Psi01ComparisonSlide/xia_1000._xip_1000._PSI0_0.005_PSI1_0.5/mercury_pre_1.out
#SBATCH --error=./job-outs/2jump_step_0.2_0.2_0.2_LR_0.008_Psi01ComparisonSlide/xia_1000._xip_1000._PSI0_0.005_PSI1_0.5/mercury_pre_1.err

#SBATCH --account=pi-lhansen
#SBATCH --partition=standard
#SBATCH --cpus-per-task=3
#SBATCH --mem=16G
#SBATCH --time=7-00:00:00

####### load modules
module load python/booth/3.8/3.8.5  gcc/9.2.0

echo "$SLURM_JOB_NAME"

echo "Program starts $(date)"
start_time=$(date +%s)
# perform a task

python3 /home/bcheng4/TwoCapital_Shrink/abatement/predamage_2jump_repless.py --num_gamma 10 --xi_a 1000. --xi_g 1000.  --epsilonarr 0.01 0.005  --fractionarr 0.01 0.005   --maxiterarr 60000 100000  --psi_0 0.005 --psi_1 0.5 --name 2jump_step_0.2_0.2_0.2_LR_0.008_Psi01ComparisonSlide --hXarr 0.2 0.2 0.2 --Xminarr 4.00 0.0 -5.5 0.0 --Xmaxarr 9.00 4.0 0.0 3.0

echo "Program ends $(date)"
end_time=$(date +%s)

# elapsed time with second resolution
elapsed=$((end_time - start_time))

eval "echo Elapsed time: $(date -ud "@$elapsed" +'$((%s/3600/24)) days %H hr %M min %S sec')"

Submitted batch job 10175290
#! /bin/bash

######## login
#SBATCH --job-name=0.1
#SBATCH --output=./job-outs/2jump_step_0.2_0.2_0.2_LR_0.008_Psi01ComparisonSlide/xia_0.0002_xip_0.1_PSI0_0.005_PSI1_0.5/mercury_pre_1.out
#SBATCH --error=./job-outs/2jump_step_0.2_0.2_0.2_LR_0.008_Psi01ComparisonSlide/xia_0.0002_xip_0.1_PSI0_0.005_PSI1_0.5/mercury_pre_1.err

#SBATCH --account=pi-lhansen
#SBATCH --partition=standard
#SBATCH --cpus-per-task=3
#SBATCH --mem=16G
#SBATCH --time=7-00:00:00

####### load modules
module load python/booth/3.8/3.8.5  gcc/9.2.0

echo "$SLURM_JOB_NAME"

echo "Program starts $(date)"
start_time=$(date +%s)
# perform a task

python3 /home/bcheng4/TwoCapital_Shrink/abatement/predamage_2jump_repless.py --num_gamma 10 --xi_a 0.0002 --xi_g 0.1  --epsilonarr 0.01 0.005  --fractionarr 0.01 0.005   --maxiterarr 60000 100000  --psi_0 0.005 --psi_1 0.5 --name 2jump_step_0.2_0.2_0.2_LR_0.008_Psi01ComparisonSlide --hXarr 0.2 0.2 0.2 --Xminarr 4.00 0.0 -5.5 0.0 --Xmaxarr 9.00 4.0 0.0 3.0

echo "Program ends $(date)"
end_time=$(date +%s)

# elapsed time with second resolution
elapsed=$((end_time - start_time))

eval "echo Elapsed time: $(date -ud "@$elapsed" +'$((%s/3600/24)) days %H hr %M min %S sec')"

Submitted batch job 10175291
#! /bin/bash

######## login
#SBATCH --job-name=0.075
#SBATCH --output=./job-outs/2jump_step_0.2_0.2_0.2_LR_0.008_Psi01ComparisonSlide/xia_0.0002_xip_0.075_PSI0_0.005_PSI1_0.5/mercury_pre_1.out
#SBATCH --error=./job-outs/2jump_step_0.2_0.2_0.2_LR_0.008_Psi01ComparisonSlide/xia_0.0002_xip_0.075_PSI0_0.005_PSI1_0.5/mercury_pre_1.err

#SBATCH --account=pi-lhansen
#SBATCH --partition=standard
#SBATCH --cpus-per-task=3
#SBATCH --mem=16G
#SBATCH --time=7-00:00:00

####### load modules
module load python/booth/3.8/3.8.5  gcc/9.2.0

echo "$SLURM_JOB_NAME"

echo "Program starts $(date)"
start_time=$(date +%s)
# perform a task

python3 /home/bcheng4/TwoCapital_Shrink/abatement/predamage_2jump_repless.py --num_gamma 10 --xi_a 0.0002 --xi_g 0.075  --epsilonarr 0.01 0.005  --fractionarr 0.01 0.005   --maxiterarr 60000 100000  --psi_0 0.005 --psi_1 0.5 --name 2jump_step_0.2_0.2_0.2_LR_0.008_Psi01ComparisonSlide --hXarr 0.2 0.2 0.2 --Xminarr 4.00 0.0 -5.5 0.0 --Xmaxarr 9.00 4.0 0.0 3.0

echo "Program ends $(date)"
end_time=$(date +%s)

# elapsed time with second resolution
elapsed=$((end_time - start_time))

eval "echo Elapsed time: $(date -ud "@$elapsed" +'$((%s/3600/24)) days %H hr %M min %S sec')"

Submitted batch job 10175292
#! /bin/bash

######## login
#SBATCH --job-name=0.05
#SBATCH --output=./job-outs/2jump_step_0.2_0.2_0.2_LR_0.008_Psi01ComparisonSlide/xia_0.0002_xip_0.05_PSI0_0.005_PSI1_0.5/mercury_pre_1.out
#SBATCH --error=./job-outs/2jump_step_0.2_0.2_0.2_LR_0.008_Psi01ComparisonSlide/xia_0.0002_xip_0.05_PSI0_0.005_PSI1_0.5/mercury_pre_1.err

#SBATCH --account=pi-lhansen
#SBATCH --partition=standard
#SBATCH --cpus-per-task=3
#SBATCH --mem=16G
#SBATCH --time=7-00:00:00

####### load modules
module load python/booth/3.8/3.8.5  gcc/9.2.0

echo "$SLURM_JOB_NAME"

echo "Program starts $(date)"
start_time=$(date +%s)
# perform a task

python3 /home/bcheng4/TwoCapital_Shrink/abatement/predamage_2jump_repless.py --num_gamma 10 --xi_a 0.0002 --xi_g 0.05  --epsilonarr 0.01 0.005  --fractionarr 0.01 0.005   --maxiterarr 60000 100000  --psi_0 0.005 --psi_1 0.5 --name 2jump_step_0.2_0.2_0.2_LR_0.008_Psi01ComparisonSlide --hXarr 0.2 0.2 0.2 --Xminarr 4.00 0.0 -5.5 0.0 --Xmaxarr 9.00 4.0 0.0 3.0

echo "Program ends $(date)"
end_time=$(date +%s)

# elapsed time with second resolution
elapsed=$((end_time - start_time))

eval "echo Elapsed time: $(date -ud "@$elapsed" +'$((%s/3600/24)) days %H hr %M min %S sec')"

Submitted batch job 10175293
#! /bin/bash

######## login
#SBATCH --job-name=0.025
#SBATCH --output=./job-outs/2jump_step_0.2_0.2_0.2_LR_0.008_Psi01ComparisonSlide/xia_0.0002_xip_0.025_PSI0_0.005_PSI1_0.5/mercury_pre_1.out
#SBATCH --error=./job-outs/2jump_step_0.2_0.2_0.2_LR_0.008_Psi01ComparisonSlide/xia_0.0002_xip_0.025_PSI0_0.005_PSI1_0.5/mercury_pre_1.err

#SBATCH --account=pi-lhansen
#SBATCH --partition=standard
#SBATCH --cpus-per-task=3
#SBATCH --mem=16G
#SBATCH --time=7-00:00:00

####### load modules
module load python/booth/3.8/3.8.5  gcc/9.2.0

echo "$SLURM_JOB_NAME"

echo "Program starts $(date)"
start_time=$(date +%s)
# perform a task

python3 /home/bcheng4/TwoCapital_Shrink/abatement/predamage_2jump_repless.py --num_gamma 10 --xi_a 0.0002 --xi_g 0.025  --epsilonarr 0.01 0.005  --fractionarr 0.01 0.005   --maxiterarr 60000 100000  --psi_0 0.005 --psi_1 0.5 --name 2jump_step_0.2_0.2_0.2_LR_0.008_Psi01ComparisonSlide --hXarr 0.2 0.2 0.2 --Xminarr 4.00 0.0 -5.5 0.0 --Xmaxarr 9.00 4.0 0.0 3.0

echo "Program ends $(date)"
end_time=$(date +%s)

# elapsed time with second resolution
elapsed=$((end_time - start_time))

eval "echo Elapsed time: $(date -ud "@$elapsed" +'$((%s/3600/24)) days %H hr %M min %S sec')"

Submitted batch job 10175294
