==========================================
SLURM_JOB_ID = 10162923
SLURM_SUBMIT_DIR = /home/bcheng4/TwoCapital_Shrink
SLURM_JOB_NODELIST = mcn61
==========================================
#! /bin/bash


######## login 
#SBATCH --job-name=pre0.05
#SBATCH --output=./job-outs/2jump_step_0.05_0.05_0.05_LR_0.008_Psi01ComparisonSlide_Interpolate/xia_1000._xip_1000._PSI0_0.005_PSI1_0.5/mercury_pre_1.out
#SBATCH --error=./job-outs/2jump_step_0.05_0.05_0.05_LR_0.008_Psi01ComparisonSlide_Interpolate/xia_1000._xip_1000._PSI0_0.005_PSI1_0.5/mercury_pre_1.err


#SBATCH --account=pi-lhansen
#SBATCH --partition=standard
#SBATCH --cpus-per-task=5
#SBATCH --mem=25G
#SBATCH --time=7-00:00:00

####### load modules
module load python/booth/3.8/3.8.5  gcc/9.2.0

echo "$SLURM_JOB_NAME"

echo "Program starts $(date)"
start_time=$(date +%s)
# perform a task


python3 /home/bcheng4/TwoCapital_Shrink/abatement/predamage_2jump_repless_interp_SG.py --num_gamma 10 --xi_a 1000. --xi_g 1000.  --epsilonarr 0.01 0.005  --fractionarr 0.01 0.005   --maxiterarr 60000 100000  --psi_0 0.005 --psi_1 0.5 --name 2jump_step_0.05_0.05_0.05_LR_0.008_Psi01ComparisonSlide_Interpolate --hXarr 0.05 0.05 0.05 --Xminarr 4.00 0.0 -5.5 0.0 --Xmaxarr 9.00 4.0 0.0 3.0  --hXarr_SG 0.2 0.2 0.2 --Xminarr_SG 4.00 0.0 -5.5 0.0 --Xmaxarr_SG 9.00 4.0 0.0 3.0 --fstr_SG NearestNDInterpolator --interp_action_name 2jump_step_0.2_0.2_0.2_LR_0.008_Psi01ComparisonSlide

echo "Program ends $(date)"
end_time=$(date +%s)

# elapsed time with second resolution
elapsed=$((end_time - start_time))

eval "echo Elapsed time: $(date -ud "@$elapsed" +'$((%s/3600/24)) days %H hr %M min %S sec')"

Submitted batch job 10162924
#! /bin/bash


######## login 
#SBATCH --job-name=pre0.05
#SBATCH --output=./job-outs/2jump_step_0.05_0.05_0.05_LR_0.008_Psi01ComparisonSlide_Interpolate/xia_1000._xip_1000._PSI0_0.005_PSI1_0.8/mercury_pre_1.out
#SBATCH --error=./job-outs/2jump_step_0.05_0.05_0.05_LR_0.008_Psi01ComparisonSlide_Interpolate/xia_1000._xip_1000._PSI0_0.005_PSI1_0.8/mercury_pre_1.err


#SBATCH --account=pi-lhansen
#SBATCH --partition=standard
#SBATCH --cpus-per-task=5
#SBATCH --mem=25G
#SBATCH --time=7-00:00:00

####### load modules
module load python/booth/3.8/3.8.5  gcc/9.2.0

echo "$SLURM_JOB_NAME"

echo "Program starts $(date)"
start_time=$(date +%s)
# perform a task


python3 /home/bcheng4/TwoCapital_Shrink/abatement/predamage_2jump_repless_interp_SG.py --num_gamma 10 --xi_a 1000. --xi_g 1000.  --epsilonarr 0.01 0.005  --fractionarr 0.01 0.005   --maxiterarr 60000 100000  --psi_0 0.005 --psi_1 0.8 --name 2jump_step_0.05_0.05_0.05_LR_0.008_Psi01ComparisonSlide_Interpolate --hXarr 0.05 0.05 0.05 --Xminarr 4.00 0.0 -5.5 0.0 --Xmaxarr 9.00 4.0 0.0 3.0  --hXarr_SG 0.2 0.2 0.2 --Xminarr_SG 4.00 0.0 -5.5 0.0 --Xmaxarr_SG 9.00 4.0 0.0 3.0 --fstr_SG NearestNDInterpolator --interp_action_name 2jump_step_0.2_0.2_0.2_LR_0.008_Psi01ComparisonSlide

echo "Program ends $(date)"
end_time=$(date +%s)

# elapsed time with second resolution
elapsed=$((end_time - start_time))

eval "echo Elapsed time: $(date -ud "@$elapsed" +'$((%s/3600/24)) days %H hr %M min %S sec')"

Submitted batch job 10162925
#! /bin/bash


######## login 
#SBATCH --job-name=pre0.05
#SBATCH --output=./job-outs/2jump_step_0.05_0.05_0.05_LR_0.008_Psi01ComparisonSlide_Interpolate/xia_1000._xip_1000._PSI0_0.008_PSI1_0.5/mercury_pre_1.out
#SBATCH --error=./job-outs/2jump_step_0.05_0.05_0.05_LR_0.008_Psi01ComparisonSlide_Interpolate/xia_1000._xip_1000._PSI0_0.008_PSI1_0.5/mercury_pre_1.err


#SBATCH --account=pi-lhansen
#SBATCH --partition=standard
#SBATCH --cpus-per-task=5
#SBATCH --mem=25G
#SBATCH --time=7-00:00:00

####### load modules
module load python/booth/3.8/3.8.5  gcc/9.2.0

echo "$SLURM_JOB_NAME"

echo "Program starts $(date)"
start_time=$(date +%s)
# perform a task


python3 /home/bcheng4/TwoCapital_Shrink/abatement/predamage_2jump_repless_interp_SG.py --num_gamma 10 --xi_a 1000. --xi_g 1000.  --epsilonarr 0.01 0.005  --fractionarr 0.01 0.005   --maxiterarr 60000 100000  --psi_0 0.008 --psi_1 0.5 --name 2jump_step_0.05_0.05_0.05_LR_0.008_Psi01ComparisonSlide_Interpolate --hXarr 0.05 0.05 0.05 --Xminarr 4.00 0.0 -5.5 0.0 --Xmaxarr 9.00 4.0 0.0 3.0  --hXarr_SG 0.2 0.2 0.2 --Xminarr_SG 4.00 0.0 -5.5 0.0 --Xmaxarr_SG 9.00 4.0 0.0 3.0 --fstr_SG NearestNDInterpolator --interp_action_name 2jump_step_0.2_0.2_0.2_LR_0.008_Psi01ComparisonSlide

echo "Program ends $(date)"
end_time=$(date +%s)

# elapsed time with second resolution
elapsed=$((end_time - start_time))

eval "echo Elapsed time: $(date -ud "@$elapsed" +'$((%s/3600/24)) days %H hr %M min %S sec')"

Submitted batch job 10162926
#! /bin/bash


######## login 
#SBATCH --job-name=pre0.05
#SBATCH --output=./job-outs/2jump_step_0.05_0.05_0.05_LR_0.008_Psi01ComparisonSlide_Interpolate/xia_1000._xip_1000._PSI0_0.008_PSI1_0.8/mercury_pre_1.out
#SBATCH --error=./job-outs/2jump_step_0.05_0.05_0.05_LR_0.008_Psi01ComparisonSlide_Interpolate/xia_1000._xip_1000._PSI0_0.008_PSI1_0.8/mercury_pre_1.err


#SBATCH --account=pi-lhansen
#SBATCH --partition=standard
#SBATCH --cpus-per-task=5
#SBATCH --mem=25G
#SBATCH --time=7-00:00:00

####### load modules
module load python/booth/3.8/3.8.5  gcc/9.2.0

echo "$SLURM_JOB_NAME"

echo "Program starts $(date)"
start_time=$(date +%s)
# perform a task


python3 /home/bcheng4/TwoCapital_Shrink/abatement/predamage_2jump_repless_interp_SG.py --num_gamma 10 --xi_a 1000. --xi_g 1000.  --epsilonarr 0.01 0.005  --fractionarr 0.01 0.005   --maxiterarr 60000 100000  --psi_0 0.008 --psi_1 0.8 --name 2jump_step_0.05_0.05_0.05_LR_0.008_Psi01ComparisonSlide_Interpolate --hXarr 0.05 0.05 0.05 --Xminarr 4.00 0.0 -5.5 0.0 --Xmaxarr 9.00 4.0 0.0 3.0  --hXarr_SG 0.2 0.2 0.2 --Xminarr_SG 4.00 0.0 -5.5 0.0 --Xmaxarr_SG 9.00 4.0 0.0 3.0 --fstr_SG NearestNDInterpolator --interp_action_name 2jump_step_0.2_0.2_0.2_LR_0.008_Psi01ComparisonSlide

echo "Program ends $(date)"
end_time=$(date +%s)

# elapsed time with second resolution
elapsed=$((end_time - start_time))

eval "echo Elapsed time: $(date -ud "@$elapsed" +'$((%s/3600/24)) days %H hr %M min %S sec')"

Submitted batch job 10162927
#! /bin/bash


######## login 
#SBATCH --job-name=pre0.05
#SBATCH --output=./job-outs/2jump_step_0.05_0.05_0.05_LR_0.008_Psi01ComparisonSlide_Interpolate/xia_1000._xip_1000._PSI0_0.010_PSI1_0.5/mercury_pre_1.out
#SBATCH --error=./job-outs/2jump_step_0.05_0.05_0.05_LR_0.008_Psi01ComparisonSlide_Interpolate/xia_1000._xip_1000._PSI0_0.010_PSI1_0.5/mercury_pre_1.err


#SBATCH --account=pi-lhansen
#SBATCH --partition=standard
#SBATCH --cpus-per-task=5
#SBATCH --mem=25G
#SBATCH --time=7-00:00:00

####### load modules
module load python/booth/3.8/3.8.5  gcc/9.2.0

echo "$SLURM_JOB_NAME"

echo "Program starts $(date)"
start_time=$(date +%s)
# perform a task


python3 /home/bcheng4/TwoCapital_Shrink/abatement/predamage_2jump_repless_interp_SG.py --num_gamma 10 --xi_a 1000. --xi_g 1000.  --epsilonarr 0.01 0.005  --fractionarr 0.01 0.005   --maxiterarr 60000 100000  --psi_0 0.010 --psi_1 0.5 --name 2jump_step_0.05_0.05_0.05_LR_0.008_Psi01ComparisonSlide_Interpolate --hXarr 0.05 0.05 0.05 --Xminarr 4.00 0.0 -5.5 0.0 --Xmaxarr 9.00 4.0 0.0 3.0  --hXarr_SG 0.2 0.2 0.2 --Xminarr_SG 4.00 0.0 -5.5 0.0 --Xmaxarr_SG 9.00 4.0 0.0 3.0 --fstr_SG NearestNDInterpolator --interp_action_name 2jump_step_0.2_0.2_0.2_LR_0.008_Psi01ComparisonSlide

echo "Program ends $(date)"
end_time=$(date +%s)

# elapsed time with second resolution
elapsed=$((end_time - start_time))

eval "echo Elapsed time: $(date -ud "@$elapsed" +'$((%s/3600/24)) days %H hr %M min %S sec')"

Submitted batch job 10162928
#! /bin/bash


######## login 
#SBATCH --job-name=pre0.05
#SBATCH --output=./job-outs/2jump_step_0.05_0.05_0.05_LR_0.008_Psi01ComparisonSlide_Interpolate/xia_1000._xip_1000._PSI0_0.010_PSI1_0.8/mercury_pre_1.out
#SBATCH --error=./job-outs/2jump_step_0.05_0.05_0.05_LR_0.008_Psi01ComparisonSlide_Interpolate/xia_1000._xip_1000._PSI0_0.010_PSI1_0.8/mercury_pre_1.err


#SBATCH --account=pi-lhansen
#SBATCH --partition=standard
#SBATCH --cpus-per-task=5
#SBATCH --mem=25G
#SBATCH --time=7-00:00:00

####### load modules
module load python/booth/3.8/3.8.5  gcc/9.2.0

echo "$SLURM_JOB_NAME"

echo "Program starts $(date)"
start_time=$(date +%s)
# perform a task


python3 /home/bcheng4/TwoCapital_Shrink/abatement/predamage_2jump_repless_interp_SG.py --num_gamma 10 --xi_a 1000. --xi_g 1000.  --epsilonarr 0.01 0.005  --fractionarr 0.01 0.005   --maxiterarr 60000 100000  --psi_0 0.010 --psi_1 0.8 --name 2jump_step_0.05_0.05_0.05_LR_0.008_Psi01ComparisonSlide_Interpolate --hXarr 0.05 0.05 0.05 --Xminarr 4.00 0.0 -5.5 0.0 --Xmaxarr 9.00 4.0 0.0 3.0  --hXarr_SG 0.2 0.2 0.2 --Xminarr_SG 4.00 0.0 -5.5 0.0 --Xmaxarr_SG 9.00 4.0 0.0 3.0 --fstr_SG NearestNDInterpolator --interp_action_name 2jump_step_0.2_0.2_0.2_LR_0.008_Psi01ComparisonSlide

echo "Program ends $(date)"
end_time=$(date +%s)

# elapsed time with second resolution
elapsed=$((end_time - start_time))

eval "echo Elapsed time: $(date -ud "@$elapsed" +'$((%s/3600/24)) days %H hr %M min %S sec')"

Submitted batch job 10162929
#! /bin/bash


######## login 
#SBATCH --job-name=pre0.05
#SBATCH --output=./job-outs/2jump_step_0.05_0.05_0.05_LR_0.008_Psi01ComparisonSlide_Interpolate/xia_1000._xip_1000._PSI0_0.012_PSI1_0.5/mercury_pre_1.out
#SBATCH --error=./job-outs/2jump_step_0.05_0.05_0.05_LR_0.008_Psi01ComparisonSlide_Interpolate/xia_1000._xip_1000._PSI0_0.012_PSI1_0.5/mercury_pre_1.err


#SBATCH --account=pi-lhansen
#SBATCH --partition=standard
#SBATCH --cpus-per-task=5
#SBATCH --mem=25G
#SBATCH --time=7-00:00:00

####### load modules
module load python/booth/3.8/3.8.5  gcc/9.2.0

echo "$SLURM_JOB_NAME"

echo "Program starts $(date)"
start_time=$(date +%s)
# perform a task


python3 /home/bcheng4/TwoCapital_Shrink/abatement/predamage_2jump_repless_interp_SG.py --num_gamma 10 --xi_a 1000. --xi_g 1000.  --epsilonarr 0.01 0.005  --fractionarr 0.01 0.005   --maxiterarr 60000 100000  --psi_0 0.012 --psi_1 0.5 --name 2jump_step_0.05_0.05_0.05_LR_0.008_Psi01ComparisonSlide_Interpolate --hXarr 0.05 0.05 0.05 --Xminarr 4.00 0.0 -5.5 0.0 --Xmaxarr 9.00 4.0 0.0 3.0  --hXarr_SG 0.2 0.2 0.2 --Xminarr_SG 4.00 0.0 -5.5 0.0 --Xmaxarr_SG 9.00 4.0 0.0 3.0 --fstr_SG NearestNDInterpolator --interp_action_name 2jump_step_0.2_0.2_0.2_LR_0.008_Psi01ComparisonSlide

echo "Program ends $(date)"
end_time=$(date +%s)

# elapsed time with second resolution
elapsed=$((end_time - start_time))

eval "echo Elapsed time: $(date -ud "@$elapsed" +'$((%s/3600/24)) days %H hr %M min %S sec')"

Submitted batch job 10162930
#! /bin/bash


######## login 
#SBATCH --job-name=pre0.05
#SBATCH --output=./job-outs/2jump_step_0.05_0.05_0.05_LR_0.008_Psi01ComparisonSlide_Interpolate/xia_1000._xip_1000._PSI0_0.012_PSI1_0.8/mercury_pre_1.out
#SBATCH --error=./job-outs/2jump_step_0.05_0.05_0.05_LR_0.008_Psi01ComparisonSlide_Interpolate/xia_1000._xip_1000._PSI0_0.012_PSI1_0.8/mercury_pre_1.err


#SBATCH --account=pi-lhansen
#SBATCH --partition=standard
#SBATCH --cpus-per-task=5
#SBATCH --mem=25G
#SBATCH --time=7-00:00:00

####### load modules
module load python/booth/3.8/3.8.5  gcc/9.2.0

echo "$SLURM_JOB_NAME"

echo "Program starts $(date)"
start_time=$(date +%s)
# perform a task


python3 /home/bcheng4/TwoCapital_Shrink/abatement/predamage_2jump_repless_interp_SG.py --num_gamma 10 --xi_a 1000. --xi_g 1000.  --epsilonarr 0.01 0.005  --fractionarr 0.01 0.005   --maxiterarr 60000 100000  --psi_0 0.012 --psi_1 0.8 --name 2jump_step_0.05_0.05_0.05_LR_0.008_Psi01ComparisonSlide_Interpolate --hXarr 0.05 0.05 0.05 --Xminarr 4.00 0.0 -5.5 0.0 --Xmaxarr 9.00 4.0 0.0 3.0  --hXarr_SG 0.2 0.2 0.2 --Xminarr_SG 4.00 0.0 -5.5 0.0 --Xmaxarr_SG 9.00 4.0 0.0 3.0 --fstr_SG NearestNDInterpolator --interp_action_name 2jump_step_0.2_0.2_0.2_LR_0.008_Psi01ComparisonSlide

echo "Program ends $(date)"
end_time=$(date +%s)

# elapsed time with second resolution
elapsed=$((end_time - start_time))

eval "echo Elapsed time: $(date -ud "@$elapsed" +'$((%s/3600/24)) days %H hr %M min %S sec')"

Submitted batch job 10162931
