==========================================
SLURM_JOB_ID = 10175925
SLURM_SUBMIT_DIR = /home/bcheng4/TwoCapital_Shrink
SLURM_JOB_NODELIST = mcn59
==========================================
#! /bin/bash


######## login 
#SBATCH --job-name=graph3
#SBATCH --output=./job-outs/2jump_step_0.2_0.2_0.2_LR_0.008_Psi01ComparisonSlide/xia_1000._xip_1000._PSI0_0.005_PSI1_0.5/graph_mercury.out
#SBATCH --error=./job-outs/2jump_step_0.2_0.2_0.2_LR_0.008_Psi01ComparisonSlide/xia_1000._xip_1000._PSI0_0.005_PSI1_0.5/graph_mercury.err

#SBATCH --account=pi-lhansen
#SBATCH --partition=standard
#SBATCH --cpus-per-task=4
#SBATCH --mem=16G
#SBATCH --time=2-00:00:00

####### load modules
module load python/booth/3.8/3.8.5  gcc/9.2.0


echo "$SLURM_JOB_NAME"
echo "Program starts $(date)"

python3 /home/bcheng4/TwoCapital_Shrink/abatement/Result_2jump_unit.py --dataname  2jump_step_0.2_0.2_0.2_LR_0.008_Psi01ComparisonSlide --pdfname mercury --psi0 0.005 --psi1 0.5     --hXarr 0.2 0.2 0.2 --Xminarr 4.00 0.0 -5.5 0.0 --Xmaxarr 9.00 4.0 0.0 3.0

echo "Program ends $(date)"

Submitted batch job 10175926
#! /bin/bash


######## login 
#SBATCH --job-name=graph3
#SBATCH --output=./job-outs/2jump_step_0.2_0.2_0.2_LR_0.008_Psi01ComparisonSlide/xia_1000._xip_1000._PSI0_0.008_PSI1_0.5/graph_mercury.out
#SBATCH --error=./job-outs/2jump_step_0.2_0.2_0.2_LR_0.008_Psi01ComparisonSlide/xia_1000._xip_1000._PSI0_0.008_PSI1_0.5/graph_mercury.err

#SBATCH --account=pi-lhansen
#SBATCH --partition=standard
#SBATCH --cpus-per-task=4
#SBATCH --mem=16G
#SBATCH --time=2-00:00:00

####### load modules
module load python/booth/3.8/3.8.5  gcc/9.2.0


echo "$SLURM_JOB_NAME"
echo "Program starts $(date)"

python3 /home/bcheng4/TwoCapital_Shrink/abatement/Result_2jump_unit.py --dataname  2jump_step_0.2_0.2_0.2_LR_0.008_Psi01ComparisonSlide --pdfname mercury --psi0 0.008 --psi1 0.5     --hXarr 0.2 0.2 0.2 --Xminarr 4.00 0.0 -5.5 0.0 --Xmaxarr 9.00 4.0 0.0 3.0

echo "Program ends $(date)"

Submitted batch job 10175927
#! /bin/bash


######## login 
#SBATCH --job-name=graph3
#SBATCH --output=./job-outs/2jump_step_0.2_0.2_0.2_LR_0.008_Psi01ComparisonSlide/xia_1000._xip_1000._PSI0_0.010_PSI1_0.5/graph_mercury.out
#SBATCH --error=./job-outs/2jump_step_0.2_0.2_0.2_LR_0.008_Psi01ComparisonSlide/xia_1000._xip_1000._PSI0_0.010_PSI1_0.5/graph_mercury.err

#SBATCH --account=pi-lhansen
#SBATCH --partition=standard
#SBATCH --cpus-per-task=4
#SBATCH --mem=16G
#SBATCH --time=2-00:00:00

####### load modules
module load python/booth/3.8/3.8.5  gcc/9.2.0


echo "$SLURM_JOB_NAME"
echo "Program starts $(date)"

python3 /home/bcheng4/TwoCapital_Shrink/abatement/Result_2jump_unit.py --dataname  2jump_step_0.2_0.2_0.2_LR_0.008_Psi01ComparisonSlide --pdfname mercury --psi0 0.010 --psi1 0.5     --hXarr 0.2 0.2 0.2 --Xminarr 4.00 0.0 -5.5 0.0 --Xmaxarr 9.00 4.0 0.0 3.0

echo "Program ends $(date)"

Submitted batch job 10175928
#! /bin/bash


######## login 
#SBATCH --job-name=graph3
#SBATCH --output=./job-outs/2jump_step_0.2_0.2_0.2_LR_0.008_Psi01ComparisonSlide/xia_1000._xip_1000._PSI0_0.012_PSI1_0.5/graph_mercury.out
#SBATCH --error=./job-outs/2jump_step_0.2_0.2_0.2_LR_0.008_Psi01ComparisonSlide/xia_1000._xip_1000._PSI0_0.012_PSI1_0.5/graph_mercury.err

#SBATCH --account=pi-lhansen
#SBATCH --partition=standard
#SBATCH --cpus-per-task=4
#SBATCH --mem=16G
#SBATCH --time=2-00:00:00

####### load modules
module load python/booth/3.8/3.8.5  gcc/9.2.0


echo "$SLURM_JOB_NAME"
echo "Program starts $(date)"

python3 /home/bcheng4/TwoCapital_Shrink/abatement/Result_2jump_unit.py --dataname  2jump_step_0.2_0.2_0.2_LR_0.008_Psi01ComparisonSlide --pdfname mercury --psi0 0.012 --psi1 0.5     --hXarr 0.2 0.2 0.2 --Xminarr 4.00 0.0 -5.5 0.0 --Xmaxarr 9.00 4.0 0.0 3.0

echo "Program ends $(date)"

Submitted batch job 10175929
