==========================================
SLURM_JOB_ID = 10294496
SLURM_SUBMIT_DIR = /home/bcheng4/TwoCapital_Shrink
SLURM_JOB_NODELIST = mcn05
==========================================
#! /bin/bash

######## login
#SBATCH --job-name=1000._0
#SBATCH --output=./job-outs/2jump_step_0.2_0.2_0.2_LR_0.05_ah/xia_1000._xip_1000._PSI0_0.005_PSI1_0.5/mercury_post_0.out
#SBATCH --error=./job-outs/2jump_step_0.2_0.2_0.2_LR_0.05_ah/xia_1000._xip_1000._PSI0_0.005_PSI1_0.5/mercury_post_0.err

#SBATCH --account=pi-lhansen
#SBATCH --partition=standard
#SBATCH --cpus-per-task=3
#SBATCH --mem=16G
#SBATCH --time=7-00:00:00

####### load modules
module load python/booth/3.8/3.8.5  gcc/9.2.0

echo "$SLURM_JOB_NAME"

echo "Program starts $(date)"
start_time=$(date +%s)
# perform a task

python3 /home/bcheng4/TwoCapital_Shrink/abatement/postdamage_2jump_ah.py --num_gamma 10 --xi_a 1000. --xi_g 1000.  --epsilonarr 0.1 0.05  --fractionarr 0.1 0.05   --maxiterarr 80000 120000  --id 0 --psi_0 0.005 --psi_1 0.5 --name 2jump_step_0.2_0.2_0.2_LR_0.05_ah --hXarr 0.2 0.2 0.2 --Xminarr 4.00 0.0 -5.5 0.0 --Xmaxarr 9.00 4.0 0.0 3.0

echo "Program ends $(date)"
end_time=$(date +%s)

# elapsed time with second resolution
elapsed=$((end_time - start_time))

eval "echo Elapsed time: $(date -ud "@$elapsed" +'$((%s/3600/24)) days %H hr %M min %S sec')"

Submitted batch job 10294497
#! /bin/bash

######## login
#SBATCH --job-name=0.050_0
#SBATCH --output=./job-outs/2jump_step_0.2_0.2_0.2_LR_0.05_ah/xia_0.0002_xip_0.050_PSI0_0.005_PSI1_0.5/mercury_post_0.out
#SBATCH --error=./job-outs/2jump_step_0.2_0.2_0.2_LR_0.05_ah/xia_0.0002_xip_0.050_PSI0_0.005_PSI1_0.5/mercury_post_0.err

#SBATCH --account=pi-lhansen
#SBATCH --partition=standard
#SBATCH --cpus-per-task=3
#SBATCH --mem=16G
#SBATCH --time=7-00:00:00

####### load modules
module load python/booth/3.8/3.8.5  gcc/9.2.0

echo "$SLURM_JOB_NAME"

echo "Program starts $(date)"
start_time=$(date +%s)
# perform a task

python3 /home/bcheng4/TwoCapital_Shrink/abatement/postdamage_2jump_ah.py --num_gamma 10 --xi_a 0.0002 --xi_g 0.050  --epsilonarr 0.1 0.05  --fractionarr 0.1 0.05   --maxiterarr 80000 120000  --id 0 --psi_0 0.005 --psi_1 0.5 --name 2jump_step_0.2_0.2_0.2_LR_0.05_ah --hXarr 0.2 0.2 0.2 --Xminarr 4.00 0.0 -5.5 0.0 --Xmaxarr 9.00 4.0 0.0 3.0

echo "Program ends $(date)"
end_time=$(date +%s)

# elapsed time with second resolution
elapsed=$((end_time - start_time))

eval "echo Elapsed time: $(date -ud "@$elapsed" +'$((%s/3600/24)) days %H hr %M min %S sec')"

Submitted batch job 10294498
#! /bin/bash

######## login
#SBATCH --job-name=0.025_0
#SBATCH --output=./job-outs/2jump_step_0.2_0.2_0.2_LR_0.05_ah/xia_0.0002_xip_0.025_PSI0_0.005_PSI1_0.5/mercury_post_0.out
#SBATCH --error=./job-outs/2jump_step_0.2_0.2_0.2_LR_0.05_ah/xia_0.0002_xip_0.025_PSI0_0.005_PSI1_0.5/mercury_post_0.err

#SBATCH --account=pi-lhansen
#SBATCH --partition=standard
#SBATCH --cpus-per-task=3
#SBATCH --mem=16G
#SBATCH --time=7-00:00:00

####### load modules
module load python/booth/3.8/3.8.5  gcc/9.2.0

echo "$SLURM_JOB_NAME"

echo "Program starts $(date)"
start_time=$(date +%s)
# perform a task

python3 /home/bcheng4/TwoCapital_Shrink/abatement/postdamage_2jump_ah.py --num_gamma 10 --xi_a 0.0002 --xi_g 0.025  --epsilonarr 0.1 0.05  --fractionarr 0.1 0.05   --maxiterarr 80000 120000  --id 0 --psi_0 0.005 --psi_1 0.5 --name 2jump_step_0.2_0.2_0.2_LR_0.05_ah --hXarr 0.2 0.2 0.2 --Xminarr 4.00 0.0 -5.5 0.0 --Xmaxarr 9.00 4.0 0.0 3.0

echo "Program ends $(date)"
end_time=$(date +%s)

# elapsed time with second resolution
elapsed=$((end_time - start_time))

eval "echo Elapsed time: $(date -ud "@$elapsed" +'$((%s/3600/24)) days %H hr %M min %S sec')"

Submitted batch job 10294499
#! /bin/bash

######## login
#SBATCH --job-name=1000._1
#SBATCH --output=./job-outs/2jump_step_0.2_0.2_0.2_LR_0.05_ah/xia_1000._xip_1000._PSI0_0.005_PSI1_0.5/mercury_post_1.out
#SBATCH --error=./job-outs/2jump_step_0.2_0.2_0.2_LR_0.05_ah/xia_1000._xip_1000._PSI0_0.005_PSI1_0.5/mercury_post_1.err

#SBATCH --account=pi-lhansen
#SBATCH --partition=standard
#SBATCH --cpus-per-task=3
#SBATCH --mem=16G
#SBATCH --time=7-00:00:00

####### load modules
module load python/booth/3.8/3.8.5  gcc/9.2.0

echo "$SLURM_JOB_NAME"

echo "Program starts $(date)"
start_time=$(date +%s)
# perform a task

python3 /home/bcheng4/TwoCapital_Shrink/abatement/postdamage_2jump_ah.py --num_gamma 10 --xi_a 1000. --xi_g 1000.  --epsilonarr 0.1 0.05  --fractionarr 0.1 0.05   --maxiterarr 80000 120000  --id 1 --psi_0 0.005 --psi_1 0.5 --name 2jump_step_0.2_0.2_0.2_LR_0.05_ah --hXarr 0.2 0.2 0.2 --Xminarr 4.00 0.0 -5.5 0.0 --Xmaxarr 9.00 4.0 0.0 3.0

echo "Program ends $(date)"
end_time=$(date +%s)

# elapsed time with second resolution
elapsed=$((end_time - start_time))

eval "echo Elapsed time: $(date -ud "@$elapsed" +'$((%s/3600/24)) days %H hr %M min %S sec')"

Submitted batch job 10294500
#! /bin/bash

######## login
#SBATCH --job-name=0.050_1
#SBATCH --output=./job-outs/2jump_step_0.2_0.2_0.2_LR_0.05_ah/xia_0.0002_xip_0.050_PSI0_0.005_PSI1_0.5/mercury_post_1.out
#SBATCH --error=./job-outs/2jump_step_0.2_0.2_0.2_LR_0.05_ah/xia_0.0002_xip_0.050_PSI0_0.005_PSI1_0.5/mercury_post_1.err

#SBATCH --account=pi-lhansen
#SBATCH --partition=standard
#SBATCH --cpus-per-task=3
#SBATCH --mem=16G
#SBATCH --time=7-00:00:00

####### load modules
module load python/booth/3.8/3.8.5  gcc/9.2.0

echo "$SLURM_JOB_NAME"

echo "Program starts $(date)"
start_time=$(date +%s)
# perform a task

python3 /home/bcheng4/TwoCapital_Shrink/abatement/postdamage_2jump_ah.py --num_gamma 10 --xi_a 0.0002 --xi_g 0.050  --epsilonarr 0.1 0.05  --fractionarr 0.1 0.05   --maxiterarr 80000 120000  --id 1 --psi_0 0.005 --psi_1 0.5 --name 2jump_step_0.2_0.2_0.2_LR_0.05_ah --hXarr 0.2 0.2 0.2 --Xminarr 4.00 0.0 -5.5 0.0 --Xmaxarr 9.00 4.0 0.0 3.0

echo "Program ends $(date)"
end_time=$(date +%s)

# elapsed time with second resolution
elapsed=$((end_time - start_time))

eval "echo Elapsed time: $(date -ud "@$elapsed" +'$((%s/3600/24)) days %H hr %M min %S sec')"

Submitted batch job 10294501
#! /bin/bash

######## login
#SBATCH --job-name=0.025_1
#SBATCH --output=./job-outs/2jump_step_0.2_0.2_0.2_LR_0.05_ah/xia_0.0002_xip_0.025_PSI0_0.005_PSI1_0.5/mercury_post_1.out
#SBATCH --error=./job-outs/2jump_step_0.2_0.2_0.2_LR_0.05_ah/xia_0.0002_xip_0.025_PSI0_0.005_PSI1_0.5/mercury_post_1.err

#SBATCH --account=pi-lhansen
#SBATCH --partition=standard
#SBATCH --cpus-per-task=3
#SBATCH --mem=16G
#SBATCH --time=7-00:00:00

####### load modules
module load python/booth/3.8/3.8.5  gcc/9.2.0

echo "$SLURM_JOB_NAME"

echo "Program starts $(date)"
start_time=$(date +%s)
# perform a task

python3 /home/bcheng4/TwoCapital_Shrink/abatement/postdamage_2jump_ah.py --num_gamma 10 --xi_a 0.0002 --xi_g 0.025  --epsilonarr 0.1 0.05  --fractionarr 0.1 0.05   --maxiterarr 80000 120000  --id 1 --psi_0 0.005 --psi_1 0.5 --name 2jump_step_0.2_0.2_0.2_LR_0.05_ah --hXarr 0.2 0.2 0.2 --Xminarr 4.00 0.0 -5.5 0.0 --Xmaxarr 9.00 4.0 0.0 3.0

echo "Program ends $(date)"
end_time=$(date +%s)

# elapsed time with second resolution
elapsed=$((end_time - start_time))

eval "echo Elapsed time: $(date -ud "@$elapsed" +'$((%s/3600/24)) days %H hr %M min %S sec')"

Submitted batch job 10294502
#! /bin/bash

######## login
#SBATCH --job-name=1000._2
#SBATCH --output=./job-outs/2jump_step_0.2_0.2_0.2_LR_0.05_ah/xia_1000._xip_1000._PSI0_0.005_PSI1_0.5/mercury_post_2.out
#SBATCH --error=./job-outs/2jump_step_0.2_0.2_0.2_LR_0.05_ah/xia_1000._xip_1000._PSI0_0.005_PSI1_0.5/mercury_post_2.err

#SBATCH --account=pi-lhansen
#SBATCH --partition=standard
#SBATCH --cpus-per-task=3
#SBATCH --mem=16G
#SBATCH --time=7-00:00:00

####### load modules
module load python/booth/3.8/3.8.5  gcc/9.2.0

echo "$SLURM_JOB_NAME"

echo "Program starts $(date)"
start_time=$(date +%s)
# perform a task

python3 /home/bcheng4/TwoCapital_Shrink/abatement/postdamage_2jump_ah.py --num_gamma 10 --xi_a 1000. --xi_g 1000.  --epsilonarr 0.1 0.05  --fractionarr 0.1 0.05   --maxiterarr 80000 120000  --id 2 --psi_0 0.005 --psi_1 0.5 --name 2jump_step_0.2_0.2_0.2_LR_0.05_ah --hXarr 0.2 0.2 0.2 --Xminarr 4.00 0.0 -5.5 0.0 --Xmaxarr 9.00 4.0 0.0 3.0

echo "Program ends $(date)"
end_time=$(date +%s)

# elapsed time with second resolution
elapsed=$((end_time - start_time))

eval "echo Elapsed time: $(date -ud "@$elapsed" +'$((%s/3600/24)) days %H hr %M min %S sec')"

Submitted batch job 10294503
#! /bin/bash

######## login
#SBATCH --job-name=0.050_2
#SBATCH --output=./job-outs/2jump_step_0.2_0.2_0.2_LR_0.05_ah/xia_0.0002_xip_0.050_PSI0_0.005_PSI1_0.5/mercury_post_2.out
#SBATCH --error=./job-outs/2jump_step_0.2_0.2_0.2_LR_0.05_ah/xia_0.0002_xip_0.050_PSI0_0.005_PSI1_0.5/mercury_post_2.err

#SBATCH --account=pi-lhansen
#SBATCH --partition=standard
#SBATCH --cpus-per-task=3
#SBATCH --mem=16G
#SBATCH --time=7-00:00:00

####### load modules
module load python/booth/3.8/3.8.5  gcc/9.2.0

echo "$SLURM_JOB_NAME"

echo "Program starts $(date)"
start_time=$(date +%s)
# perform a task

python3 /home/bcheng4/TwoCapital_Shrink/abatement/postdamage_2jump_ah.py --num_gamma 10 --xi_a 0.0002 --xi_g 0.050  --epsilonarr 0.1 0.05  --fractionarr 0.1 0.05   --maxiterarr 80000 120000  --id 2 --psi_0 0.005 --psi_1 0.5 --name 2jump_step_0.2_0.2_0.2_LR_0.05_ah --hXarr 0.2 0.2 0.2 --Xminarr 4.00 0.0 -5.5 0.0 --Xmaxarr 9.00 4.0 0.0 3.0

echo "Program ends $(date)"
end_time=$(date +%s)

# elapsed time with second resolution
elapsed=$((end_time - start_time))

eval "echo Elapsed time: $(date -ud "@$elapsed" +'$((%s/3600/24)) days %H hr %M min %S sec')"

Submitted batch job 10294504
#! /bin/bash

######## login
#SBATCH --job-name=0.025_2
#SBATCH --output=./job-outs/2jump_step_0.2_0.2_0.2_LR_0.05_ah/xia_0.0002_xip_0.025_PSI0_0.005_PSI1_0.5/mercury_post_2.out
#SBATCH --error=./job-outs/2jump_step_0.2_0.2_0.2_LR_0.05_ah/xia_0.0002_xip_0.025_PSI0_0.005_PSI1_0.5/mercury_post_2.err

#SBATCH --account=pi-lhansen
#SBATCH --partition=standard
#SBATCH --cpus-per-task=3
#SBATCH --mem=16G
#SBATCH --time=7-00:00:00

####### load modules
module load python/booth/3.8/3.8.5  gcc/9.2.0

echo "$SLURM_JOB_NAME"

echo "Program starts $(date)"
start_time=$(date +%s)
# perform a task

python3 /home/bcheng4/TwoCapital_Shrink/abatement/postdamage_2jump_ah.py --num_gamma 10 --xi_a 0.0002 --xi_g 0.025  --epsilonarr 0.1 0.05  --fractionarr 0.1 0.05   --maxiterarr 80000 120000  --id 2 --psi_0 0.005 --psi_1 0.5 --name 2jump_step_0.2_0.2_0.2_LR_0.05_ah --hXarr 0.2 0.2 0.2 --Xminarr 4.00 0.0 -5.5 0.0 --Xmaxarr 9.00 4.0 0.0 3.0

echo "Program ends $(date)"
end_time=$(date +%s)

# elapsed time with second resolution
elapsed=$((end_time - start_time))

eval "echo Elapsed time: $(date -ud "@$elapsed" +'$((%s/3600/24)) days %H hr %M min %S sec')"

Submitted batch job 10294505
#! /bin/bash

######## login
#SBATCH --job-name=1000._3
#SBATCH --output=./job-outs/2jump_step_0.2_0.2_0.2_LR_0.05_ah/xia_1000._xip_1000._PSI0_0.005_PSI1_0.5/mercury_post_3.out
#SBATCH --error=./job-outs/2jump_step_0.2_0.2_0.2_LR_0.05_ah/xia_1000._xip_1000._PSI0_0.005_PSI1_0.5/mercury_post_3.err

#SBATCH --account=pi-lhansen
#SBATCH --partition=standard
#SBATCH --cpus-per-task=3
#SBATCH --mem=16G
#SBATCH --time=7-00:00:00

####### load modules
module load python/booth/3.8/3.8.5  gcc/9.2.0

echo "$SLURM_JOB_NAME"

echo "Program starts $(date)"
start_time=$(date +%s)
# perform a task

python3 /home/bcheng4/TwoCapital_Shrink/abatement/postdamage_2jump_ah.py --num_gamma 10 --xi_a 1000. --xi_g 1000.  --epsilonarr 0.1 0.05  --fractionarr 0.1 0.05   --maxiterarr 80000 120000  --id 3 --psi_0 0.005 --psi_1 0.5 --name 2jump_step_0.2_0.2_0.2_LR_0.05_ah --hXarr 0.2 0.2 0.2 --Xminarr 4.00 0.0 -5.5 0.0 --Xmaxarr 9.00 4.0 0.0 3.0

echo "Program ends $(date)"
end_time=$(date +%s)

# elapsed time with second resolution
elapsed=$((end_time - start_time))

eval "echo Elapsed time: $(date -ud "@$elapsed" +'$((%s/3600/24)) days %H hr %M min %S sec')"

Submitted batch job 10294506
#! /bin/bash

######## login
#SBATCH --job-name=0.050_3
#SBATCH --output=./job-outs/2jump_step_0.2_0.2_0.2_LR_0.05_ah/xia_0.0002_xip_0.050_PSI0_0.005_PSI1_0.5/mercury_post_3.out
#SBATCH --error=./job-outs/2jump_step_0.2_0.2_0.2_LR_0.05_ah/xia_0.0002_xip_0.050_PSI0_0.005_PSI1_0.5/mercury_post_3.err

#SBATCH --account=pi-lhansen
#SBATCH --partition=standard
#SBATCH --cpus-per-task=3
#SBATCH --mem=16G
#SBATCH --time=7-00:00:00

####### load modules
module load python/booth/3.8/3.8.5  gcc/9.2.0

echo "$SLURM_JOB_NAME"

echo "Program starts $(date)"
start_time=$(date +%s)
# perform a task

python3 /home/bcheng4/TwoCapital_Shrink/abatement/postdamage_2jump_ah.py --num_gamma 10 --xi_a 0.0002 --xi_g 0.050  --epsilonarr 0.1 0.05  --fractionarr 0.1 0.05   --maxiterarr 80000 120000  --id 3 --psi_0 0.005 --psi_1 0.5 --name 2jump_step_0.2_0.2_0.2_LR_0.05_ah --hXarr 0.2 0.2 0.2 --Xminarr 4.00 0.0 -5.5 0.0 --Xmaxarr 9.00 4.0 0.0 3.0

echo "Program ends $(date)"
end_time=$(date +%s)

# elapsed time with second resolution
elapsed=$((end_time - start_time))

eval "echo Elapsed time: $(date -ud "@$elapsed" +'$((%s/3600/24)) days %H hr %M min %S sec')"

Submitted batch job 10294507
#! /bin/bash

######## login
#SBATCH --job-name=0.025_3
#SBATCH --output=./job-outs/2jump_step_0.2_0.2_0.2_LR_0.05_ah/xia_0.0002_xip_0.025_PSI0_0.005_PSI1_0.5/mercury_post_3.out
#SBATCH --error=./job-outs/2jump_step_0.2_0.2_0.2_LR_0.05_ah/xia_0.0002_xip_0.025_PSI0_0.005_PSI1_0.5/mercury_post_3.err

#SBATCH --account=pi-lhansen
#SBATCH --partition=standard
#SBATCH --cpus-per-task=3
#SBATCH --mem=16G
#SBATCH --time=7-00:00:00

####### load modules
module load python/booth/3.8/3.8.5  gcc/9.2.0

echo "$SLURM_JOB_NAME"

echo "Program starts $(date)"
start_time=$(date +%s)
# perform a task

python3 /home/bcheng4/TwoCapital_Shrink/abatement/postdamage_2jump_ah.py --num_gamma 10 --xi_a 0.0002 --xi_g 0.025  --epsilonarr 0.1 0.05  --fractionarr 0.1 0.05   --maxiterarr 80000 120000  --id 3 --psi_0 0.005 --psi_1 0.5 --name 2jump_step_0.2_0.2_0.2_LR_0.05_ah --hXarr 0.2 0.2 0.2 --Xminarr 4.00 0.0 -5.5 0.0 --Xmaxarr 9.00 4.0 0.0 3.0

echo "Program ends $(date)"
end_time=$(date +%s)

# elapsed time with second resolution
elapsed=$((end_time - start_time))

eval "echo Elapsed time: $(date -ud "@$elapsed" +'$((%s/3600/24)) days %H hr %M min %S sec')"

Submitted batch job 10294508
#! /bin/bash

######## login
#SBATCH --job-name=1000._4
#SBATCH --output=./job-outs/2jump_step_0.2_0.2_0.2_LR_0.05_ah/xia_1000._xip_1000._PSI0_0.005_PSI1_0.5/mercury_post_4.out
#SBATCH --error=./job-outs/2jump_step_0.2_0.2_0.2_LR_0.05_ah/xia_1000._xip_1000._PSI0_0.005_PSI1_0.5/mercury_post_4.err

#SBATCH --account=pi-lhansen
#SBATCH --partition=standard
#SBATCH --cpus-per-task=3
#SBATCH --mem=16G
#SBATCH --time=7-00:00:00

####### load modules
module load python/booth/3.8/3.8.5  gcc/9.2.0

echo "$SLURM_JOB_NAME"

echo "Program starts $(date)"
start_time=$(date +%s)
# perform a task

python3 /home/bcheng4/TwoCapital_Shrink/abatement/postdamage_2jump_ah.py --num_gamma 10 --xi_a 1000. --xi_g 1000.  --epsilonarr 0.1 0.05  --fractionarr 0.1 0.05   --maxiterarr 80000 120000  --id 4 --psi_0 0.005 --psi_1 0.5 --name 2jump_step_0.2_0.2_0.2_LR_0.05_ah --hXarr 0.2 0.2 0.2 --Xminarr 4.00 0.0 -5.5 0.0 --Xmaxarr 9.00 4.0 0.0 3.0

echo "Program ends $(date)"
end_time=$(date +%s)

# elapsed time with second resolution
elapsed=$((end_time - start_time))

eval "echo Elapsed time: $(date -ud "@$elapsed" +'$((%s/3600/24)) days %H hr %M min %S sec')"

Submitted batch job 10294509
#! /bin/bash

######## login
#SBATCH --job-name=0.050_4
#SBATCH --output=./job-outs/2jump_step_0.2_0.2_0.2_LR_0.05_ah/xia_0.0002_xip_0.050_PSI0_0.005_PSI1_0.5/mercury_post_4.out
#SBATCH --error=./job-outs/2jump_step_0.2_0.2_0.2_LR_0.05_ah/xia_0.0002_xip_0.050_PSI0_0.005_PSI1_0.5/mercury_post_4.err

#SBATCH --account=pi-lhansen
#SBATCH --partition=standard
#SBATCH --cpus-per-task=3
#SBATCH --mem=16G
#SBATCH --time=7-00:00:00

####### load modules
module load python/booth/3.8/3.8.5  gcc/9.2.0

echo "$SLURM_JOB_NAME"

echo "Program starts $(date)"
start_time=$(date +%s)
# perform a task

python3 /home/bcheng4/TwoCapital_Shrink/abatement/postdamage_2jump_ah.py --num_gamma 10 --xi_a 0.0002 --xi_g 0.050  --epsilonarr 0.1 0.05  --fractionarr 0.1 0.05   --maxiterarr 80000 120000  --id 4 --psi_0 0.005 --psi_1 0.5 --name 2jump_step_0.2_0.2_0.2_LR_0.05_ah --hXarr 0.2 0.2 0.2 --Xminarr 4.00 0.0 -5.5 0.0 --Xmaxarr 9.00 4.0 0.0 3.0

echo "Program ends $(date)"
end_time=$(date +%s)

# elapsed time with second resolution
elapsed=$((end_time - start_time))

eval "echo Elapsed time: $(date -ud "@$elapsed" +'$((%s/3600/24)) days %H hr %M min %S sec')"

Submitted batch job 10294510
#! /bin/bash

######## login
#SBATCH --job-name=0.025_4
#SBATCH --output=./job-outs/2jump_step_0.2_0.2_0.2_LR_0.05_ah/xia_0.0002_xip_0.025_PSI0_0.005_PSI1_0.5/mercury_post_4.out
#SBATCH --error=./job-outs/2jump_step_0.2_0.2_0.2_LR_0.05_ah/xia_0.0002_xip_0.025_PSI0_0.005_PSI1_0.5/mercury_post_4.err

#SBATCH --account=pi-lhansen
#SBATCH --partition=standard
#SBATCH --cpus-per-task=3
#SBATCH --mem=16G
#SBATCH --time=7-00:00:00

####### load modules
module load python/booth/3.8/3.8.5  gcc/9.2.0

echo "$SLURM_JOB_NAME"

echo "Program starts $(date)"
start_time=$(date +%s)
# perform a task

python3 /home/bcheng4/TwoCapital_Shrink/abatement/postdamage_2jump_ah.py --num_gamma 10 --xi_a 0.0002 --xi_g 0.025  --epsilonarr 0.1 0.05  --fractionarr 0.1 0.05   --maxiterarr 80000 120000  --id 4 --psi_0 0.005 --psi_1 0.5 --name 2jump_step_0.2_0.2_0.2_LR_0.05_ah --hXarr 0.2 0.2 0.2 --Xminarr 4.00 0.0 -5.5 0.0 --Xmaxarr 9.00 4.0 0.0 3.0

echo "Program ends $(date)"
end_time=$(date +%s)

# elapsed time with second resolution
elapsed=$((end_time - start_time))

eval "echo Elapsed time: $(date -ud "@$elapsed" +'$((%s/3600/24)) days %H hr %M min %S sec')"

Submitted batch job 10294511
#! /bin/bash

######## login
#SBATCH --job-name=1000._5
#SBATCH --output=./job-outs/2jump_step_0.2_0.2_0.2_LR_0.05_ah/xia_1000._xip_1000._PSI0_0.005_PSI1_0.5/mercury_post_5.out
#SBATCH --error=./job-outs/2jump_step_0.2_0.2_0.2_LR_0.05_ah/xia_1000._xip_1000._PSI0_0.005_PSI1_0.5/mercury_post_5.err

#SBATCH --account=pi-lhansen
#SBATCH --partition=standard
#SBATCH --cpus-per-task=3
#SBATCH --mem=16G
#SBATCH --time=7-00:00:00

####### load modules
module load python/booth/3.8/3.8.5  gcc/9.2.0

echo "$SLURM_JOB_NAME"

echo "Program starts $(date)"
start_time=$(date +%s)
# perform a task

python3 /home/bcheng4/TwoCapital_Shrink/abatement/postdamage_2jump_ah.py --num_gamma 10 --xi_a 1000. --xi_g 1000.  --epsilonarr 0.1 0.05  --fractionarr 0.1 0.05   --maxiterarr 80000 120000  --id 5 --psi_0 0.005 --psi_1 0.5 --name 2jump_step_0.2_0.2_0.2_LR_0.05_ah --hXarr 0.2 0.2 0.2 --Xminarr 4.00 0.0 -5.5 0.0 --Xmaxarr 9.00 4.0 0.0 3.0

echo "Program ends $(date)"
end_time=$(date +%s)

# elapsed time with second resolution
elapsed=$((end_time - start_time))

eval "echo Elapsed time: $(date -ud "@$elapsed" +'$((%s/3600/24)) days %H hr %M min %S sec')"

Submitted batch job 10294512
#! /bin/bash

######## login
#SBATCH --job-name=0.050_5
#SBATCH --output=./job-outs/2jump_step_0.2_0.2_0.2_LR_0.05_ah/xia_0.0002_xip_0.050_PSI0_0.005_PSI1_0.5/mercury_post_5.out
#SBATCH --error=./job-outs/2jump_step_0.2_0.2_0.2_LR_0.05_ah/xia_0.0002_xip_0.050_PSI0_0.005_PSI1_0.5/mercury_post_5.err

#SBATCH --account=pi-lhansen
#SBATCH --partition=standard
#SBATCH --cpus-per-task=3
#SBATCH --mem=16G
#SBATCH --time=7-00:00:00

####### load modules
module load python/booth/3.8/3.8.5  gcc/9.2.0

echo "$SLURM_JOB_NAME"

echo "Program starts $(date)"
start_time=$(date +%s)
# perform a task

python3 /home/bcheng4/TwoCapital_Shrink/abatement/postdamage_2jump_ah.py --num_gamma 10 --xi_a 0.0002 --xi_g 0.050  --epsilonarr 0.1 0.05  --fractionarr 0.1 0.05   --maxiterarr 80000 120000  --id 5 --psi_0 0.005 --psi_1 0.5 --name 2jump_step_0.2_0.2_0.2_LR_0.05_ah --hXarr 0.2 0.2 0.2 --Xminarr 4.00 0.0 -5.5 0.0 --Xmaxarr 9.00 4.0 0.0 3.0

echo "Program ends $(date)"
end_time=$(date +%s)

# elapsed time with second resolution
elapsed=$((end_time - start_time))

eval "echo Elapsed time: $(date -ud "@$elapsed" +'$((%s/3600/24)) days %H hr %M min %S sec')"

Submitted batch job 10294513
#! /bin/bash

######## login
#SBATCH --job-name=0.025_5
#SBATCH --output=./job-outs/2jump_step_0.2_0.2_0.2_LR_0.05_ah/xia_0.0002_xip_0.025_PSI0_0.005_PSI1_0.5/mercury_post_5.out
#SBATCH --error=./job-outs/2jump_step_0.2_0.2_0.2_LR_0.05_ah/xia_0.0002_xip_0.025_PSI0_0.005_PSI1_0.5/mercury_post_5.err

#SBATCH --account=pi-lhansen
#SBATCH --partition=standard
#SBATCH --cpus-per-task=3
#SBATCH --mem=16G
#SBATCH --time=7-00:00:00

####### load modules
module load python/booth/3.8/3.8.5  gcc/9.2.0

echo "$SLURM_JOB_NAME"

echo "Program starts $(date)"
start_time=$(date +%s)
# perform a task

python3 /home/bcheng4/TwoCapital_Shrink/abatement/postdamage_2jump_ah.py --num_gamma 10 --xi_a 0.0002 --xi_g 0.025  --epsilonarr 0.1 0.05  --fractionarr 0.1 0.05   --maxiterarr 80000 120000  --id 5 --psi_0 0.005 --psi_1 0.5 --name 2jump_step_0.2_0.2_0.2_LR_0.05_ah --hXarr 0.2 0.2 0.2 --Xminarr 4.00 0.0 -5.5 0.0 --Xmaxarr 9.00 4.0 0.0 3.0

echo "Program ends $(date)"
end_time=$(date +%s)

# elapsed time with second resolution
elapsed=$((end_time - start_time))

eval "echo Elapsed time: $(date -ud "@$elapsed" +'$((%s/3600/24)) days %H hr %M min %S sec')"

Submitted batch job 10294514
#! /bin/bash

######## login
#SBATCH --job-name=1000._6
#SBATCH --output=./job-outs/2jump_step_0.2_0.2_0.2_LR_0.05_ah/xia_1000._xip_1000._PSI0_0.005_PSI1_0.5/mercury_post_6.out
#SBATCH --error=./job-outs/2jump_step_0.2_0.2_0.2_LR_0.05_ah/xia_1000._xip_1000._PSI0_0.005_PSI1_0.5/mercury_post_6.err

#SBATCH --account=pi-lhansen
#SBATCH --partition=standard
#SBATCH --cpus-per-task=3
#SBATCH --mem=16G
#SBATCH --time=7-00:00:00

####### load modules
module load python/booth/3.8/3.8.5  gcc/9.2.0

echo "$SLURM_JOB_NAME"

echo "Program starts $(date)"
start_time=$(date +%s)
# perform a task

python3 /home/bcheng4/TwoCapital_Shrink/abatement/postdamage_2jump_ah.py --num_gamma 10 --xi_a 1000. --xi_g 1000.  --epsilonarr 0.1 0.05  --fractionarr 0.1 0.05   --maxiterarr 80000 120000  --id 6 --psi_0 0.005 --psi_1 0.5 --name 2jump_step_0.2_0.2_0.2_LR_0.05_ah --hXarr 0.2 0.2 0.2 --Xminarr 4.00 0.0 -5.5 0.0 --Xmaxarr 9.00 4.0 0.0 3.0

echo "Program ends $(date)"
end_time=$(date +%s)

# elapsed time with second resolution
elapsed=$((end_time - start_time))

eval "echo Elapsed time: $(date -ud "@$elapsed" +'$((%s/3600/24)) days %H hr %M min %S sec')"

Submitted batch job 10294515
#! /bin/bash

######## login
#SBATCH --job-name=0.050_6
#SBATCH --output=./job-outs/2jump_step_0.2_0.2_0.2_LR_0.05_ah/xia_0.0002_xip_0.050_PSI0_0.005_PSI1_0.5/mercury_post_6.out
#SBATCH --error=./job-outs/2jump_step_0.2_0.2_0.2_LR_0.05_ah/xia_0.0002_xip_0.050_PSI0_0.005_PSI1_0.5/mercury_post_6.err

#SBATCH --account=pi-lhansen
#SBATCH --partition=standard
#SBATCH --cpus-per-task=3
#SBATCH --mem=16G
#SBATCH --time=7-00:00:00

####### load modules
module load python/booth/3.8/3.8.5  gcc/9.2.0

echo "$SLURM_JOB_NAME"

echo "Program starts $(date)"
start_time=$(date +%s)
# perform a task

python3 /home/bcheng4/TwoCapital_Shrink/abatement/postdamage_2jump_ah.py --num_gamma 10 --xi_a 0.0002 --xi_g 0.050  --epsilonarr 0.1 0.05  --fractionarr 0.1 0.05   --maxiterarr 80000 120000  --id 6 --psi_0 0.005 --psi_1 0.5 --name 2jump_step_0.2_0.2_0.2_LR_0.05_ah --hXarr 0.2 0.2 0.2 --Xminarr 4.00 0.0 -5.5 0.0 --Xmaxarr 9.00 4.0 0.0 3.0

echo "Program ends $(date)"
end_time=$(date +%s)

# elapsed time with second resolution
elapsed=$((end_time - start_time))

eval "echo Elapsed time: $(date -ud "@$elapsed" +'$((%s/3600/24)) days %H hr %M min %S sec')"

Submitted batch job 10294516
#! /bin/bash

######## login
#SBATCH --job-name=0.025_6
#SBATCH --output=./job-outs/2jump_step_0.2_0.2_0.2_LR_0.05_ah/xia_0.0002_xip_0.025_PSI0_0.005_PSI1_0.5/mercury_post_6.out
#SBATCH --error=./job-outs/2jump_step_0.2_0.2_0.2_LR_0.05_ah/xia_0.0002_xip_0.025_PSI0_0.005_PSI1_0.5/mercury_post_6.err

#SBATCH --account=pi-lhansen
#SBATCH --partition=standard
#SBATCH --cpus-per-task=3
#SBATCH --mem=16G
#SBATCH --time=7-00:00:00

####### load modules
module load python/booth/3.8/3.8.5  gcc/9.2.0

echo "$SLURM_JOB_NAME"

echo "Program starts $(date)"
start_time=$(date +%s)
# perform a task

python3 /home/bcheng4/TwoCapital_Shrink/abatement/postdamage_2jump_ah.py --num_gamma 10 --xi_a 0.0002 --xi_g 0.025  --epsilonarr 0.1 0.05  --fractionarr 0.1 0.05   --maxiterarr 80000 120000  --id 6 --psi_0 0.005 --psi_1 0.5 --name 2jump_step_0.2_0.2_0.2_LR_0.05_ah --hXarr 0.2 0.2 0.2 --Xminarr 4.00 0.0 -5.5 0.0 --Xmaxarr 9.00 4.0 0.0 3.0

echo "Program ends $(date)"
end_time=$(date +%s)

# elapsed time with second resolution
elapsed=$((end_time - start_time))

eval "echo Elapsed time: $(date -ud "@$elapsed" +'$((%s/3600/24)) days %H hr %M min %S sec')"

Submitted batch job 10294517
#! /bin/bash

######## login
#SBATCH --job-name=1000._7
#SBATCH --output=./job-outs/2jump_step_0.2_0.2_0.2_LR_0.05_ah/xia_1000._xip_1000._PSI0_0.005_PSI1_0.5/mercury_post_7.out
#SBATCH --error=./job-outs/2jump_step_0.2_0.2_0.2_LR_0.05_ah/xia_1000._xip_1000._PSI0_0.005_PSI1_0.5/mercury_post_7.err

#SBATCH --account=pi-lhansen
#SBATCH --partition=standard
#SBATCH --cpus-per-task=3
#SBATCH --mem=16G
#SBATCH --time=7-00:00:00

####### load modules
module load python/booth/3.8/3.8.5  gcc/9.2.0

echo "$SLURM_JOB_NAME"

echo "Program starts $(date)"
start_time=$(date +%s)
# perform a task

python3 /home/bcheng4/TwoCapital_Shrink/abatement/postdamage_2jump_ah.py --num_gamma 10 --xi_a 1000. --xi_g 1000.  --epsilonarr 0.1 0.05  --fractionarr 0.1 0.05   --maxiterarr 80000 120000  --id 7 --psi_0 0.005 --psi_1 0.5 --name 2jump_step_0.2_0.2_0.2_LR_0.05_ah --hXarr 0.2 0.2 0.2 --Xminarr 4.00 0.0 -5.5 0.0 --Xmaxarr 9.00 4.0 0.0 3.0

echo "Program ends $(date)"
end_time=$(date +%s)

# elapsed time with second resolution
elapsed=$((end_time - start_time))

eval "echo Elapsed time: $(date -ud "@$elapsed" +'$((%s/3600/24)) days %H hr %M min %S sec')"

Submitted batch job 10294518
#! /bin/bash

######## login
#SBATCH --job-name=0.050_7
#SBATCH --output=./job-outs/2jump_step_0.2_0.2_0.2_LR_0.05_ah/xia_0.0002_xip_0.050_PSI0_0.005_PSI1_0.5/mercury_post_7.out
#SBATCH --error=./job-outs/2jump_step_0.2_0.2_0.2_LR_0.05_ah/xia_0.0002_xip_0.050_PSI0_0.005_PSI1_0.5/mercury_post_7.err

#SBATCH --account=pi-lhansen
#SBATCH --partition=standard
#SBATCH --cpus-per-task=3
#SBATCH --mem=16G
#SBATCH --time=7-00:00:00

####### load modules
module load python/booth/3.8/3.8.5  gcc/9.2.0

echo "$SLURM_JOB_NAME"

echo "Program starts $(date)"
start_time=$(date +%s)
# perform a task

python3 /home/bcheng4/TwoCapital_Shrink/abatement/postdamage_2jump_ah.py --num_gamma 10 --xi_a 0.0002 --xi_g 0.050  --epsilonarr 0.1 0.05  --fractionarr 0.1 0.05   --maxiterarr 80000 120000  --id 7 --psi_0 0.005 --psi_1 0.5 --name 2jump_step_0.2_0.2_0.2_LR_0.05_ah --hXarr 0.2 0.2 0.2 --Xminarr 4.00 0.0 -5.5 0.0 --Xmaxarr 9.00 4.0 0.0 3.0

echo "Program ends $(date)"
end_time=$(date +%s)

# elapsed time with second resolution
elapsed=$((end_time - start_time))

eval "echo Elapsed time: $(date -ud "@$elapsed" +'$((%s/3600/24)) days %H hr %M min %S sec')"

Submitted batch job 10294519
#! /bin/bash

######## login
#SBATCH --job-name=0.025_7
#SBATCH --output=./job-outs/2jump_step_0.2_0.2_0.2_LR_0.05_ah/xia_0.0002_xip_0.025_PSI0_0.005_PSI1_0.5/mercury_post_7.out
#SBATCH --error=./job-outs/2jump_step_0.2_0.2_0.2_LR_0.05_ah/xia_0.0002_xip_0.025_PSI0_0.005_PSI1_0.5/mercury_post_7.err

#SBATCH --account=pi-lhansen
#SBATCH --partition=standard
#SBATCH --cpus-per-task=3
#SBATCH --mem=16G
#SBATCH --time=7-00:00:00

####### load modules
module load python/booth/3.8/3.8.5  gcc/9.2.0

echo "$SLURM_JOB_NAME"

echo "Program starts $(date)"
start_time=$(date +%s)
# perform a task

python3 /home/bcheng4/TwoCapital_Shrink/abatement/postdamage_2jump_ah.py --num_gamma 10 --xi_a 0.0002 --xi_g 0.025  --epsilonarr 0.1 0.05  --fractionarr 0.1 0.05   --maxiterarr 80000 120000  --id 7 --psi_0 0.005 --psi_1 0.5 --name 2jump_step_0.2_0.2_0.2_LR_0.05_ah --hXarr 0.2 0.2 0.2 --Xminarr 4.00 0.0 -5.5 0.0 --Xmaxarr 9.00 4.0 0.0 3.0

echo "Program ends $(date)"
end_time=$(date +%s)

# elapsed time with second resolution
elapsed=$((end_time - start_time))

eval "echo Elapsed time: $(date -ud "@$elapsed" +'$((%s/3600/24)) days %H hr %M min %S sec')"

Submitted batch job 10294520
#! /bin/bash

######## login
#SBATCH --job-name=1000._8
#SBATCH --output=./job-outs/2jump_step_0.2_0.2_0.2_LR_0.05_ah/xia_1000._xip_1000._PSI0_0.005_PSI1_0.5/mercury_post_8.out
#SBATCH --error=./job-outs/2jump_step_0.2_0.2_0.2_LR_0.05_ah/xia_1000._xip_1000._PSI0_0.005_PSI1_0.5/mercury_post_8.err

#SBATCH --account=pi-lhansen
#SBATCH --partition=standard
#SBATCH --cpus-per-task=3
#SBATCH --mem=16G
#SBATCH --time=7-00:00:00

####### load modules
module load python/booth/3.8/3.8.5  gcc/9.2.0

echo "$SLURM_JOB_NAME"

echo "Program starts $(date)"
start_time=$(date +%s)
# perform a task

python3 /home/bcheng4/TwoCapital_Shrink/abatement/postdamage_2jump_ah.py --num_gamma 10 --xi_a 1000. --xi_g 1000.  --epsilonarr 0.1 0.05  --fractionarr 0.1 0.05   --maxiterarr 80000 120000  --id 8 --psi_0 0.005 --psi_1 0.5 --name 2jump_step_0.2_0.2_0.2_LR_0.05_ah --hXarr 0.2 0.2 0.2 --Xminarr 4.00 0.0 -5.5 0.0 --Xmaxarr 9.00 4.0 0.0 3.0

echo "Program ends $(date)"
end_time=$(date +%s)

# elapsed time with second resolution
elapsed=$((end_time - start_time))

eval "echo Elapsed time: $(date -ud "@$elapsed" +'$((%s/3600/24)) days %H hr %M min %S sec')"

Submitted batch job 10294521
#! /bin/bash

######## login
#SBATCH --job-name=0.050_8
#SBATCH --output=./job-outs/2jump_step_0.2_0.2_0.2_LR_0.05_ah/xia_0.0002_xip_0.050_PSI0_0.005_PSI1_0.5/mercury_post_8.out
#SBATCH --error=./job-outs/2jump_step_0.2_0.2_0.2_LR_0.05_ah/xia_0.0002_xip_0.050_PSI0_0.005_PSI1_0.5/mercury_post_8.err

#SBATCH --account=pi-lhansen
#SBATCH --partition=standard
#SBATCH --cpus-per-task=3
#SBATCH --mem=16G
#SBATCH --time=7-00:00:00

####### load modules
module load python/booth/3.8/3.8.5  gcc/9.2.0

echo "$SLURM_JOB_NAME"

echo "Program starts $(date)"
start_time=$(date +%s)
# perform a task

python3 /home/bcheng4/TwoCapital_Shrink/abatement/postdamage_2jump_ah.py --num_gamma 10 --xi_a 0.0002 --xi_g 0.050  --epsilonarr 0.1 0.05  --fractionarr 0.1 0.05   --maxiterarr 80000 120000  --id 8 --psi_0 0.005 --psi_1 0.5 --name 2jump_step_0.2_0.2_0.2_LR_0.05_ah --hXarr 0.2 0.2 0.2 --Xminarr 4.00 0.0 -5.5 0.0 --Xmaxarr 9.00 4.0 0.0 3.0

echo "Program ends $(date)"
end_time=$(date +%s)

# elapsed time with second resolution
elapsed=$((end_time - start_time))

eval "echo Elapsed time: $(date -ud "@$elapsed" +'$((%s/3600/24)) days %H hr %M min %S sec')"

Submitted batch job 10294522
#! /bin/bash

######## login
#SBATCH --job-name=0.025_8
#SBATCH --output=./job-outs/2jump_step_0.2_0.2_0.2_LR_0.05_ah/xia_0.0002_xip_0.025_PSI0_0.005_PSI1_0.5/mercury_post_8.out
#SBATCH --error=./job-outs/2jump_step_0.2_0.2_0.2_LR_0.05_ah/xia_0.0002_xip_0.025_PSI0_0.005_PSI1_0.5/mercury_post_8.err

#SBATCH --account=pi-lhansen
#SBATCH --partition=standard
#SBATCH --cpus-per-task=3
#SBATCH --mem=16G
#SBATCH --time=7-00:00:00

####### load modules
module load python/booth/3.8/3.8.5  gcc/9.2.0

echo "$SLURM_JOB_NAME"

echo "Program starts $(date)"
start_time=$(date +%s)
# perform a task

python3 /home/bcheng4/TwoCapital_Shrink/abatement/postdamage_2jump_ah.py --num_gamma 10 --xi_a 0.0002 --xi_g 0.025  --epsilonarr 0.1 0.05  --fractionarr 0.1 0.05   --maxiterarr 80000 120000  --id 8 --psi_0 0.005 --psi_1 0.5 --name 2jump_step_0.2_0.2_0.2_LR_0.05_ah --hXarr 0.2 0.2 0.2 --Xminarr 4.00 0.0 -5.5 0.0 --Xmaxarr 9.00 4.0 0.0 3.0

echo "Program ends $(date)"
end_time=$(date +%s)

# elapsed time with second resolution
elapsed=$((end_time - start_time))

eval "echo Elapsed time: $(date -ud "@$elapsed" +'$((%s/3600/24)) days %H hr %M min %S sec')"

Submitted batch job 10294523
#! /bin/bash

######## login
#SBATCH --job-name=1000._9
#SBATCH --output=./job-outs/2jump_step_0.2_0.2_0.2_LR_0.05_ah/xia_1000._xip_1000._PSI0_0.005_PSI1_0.5/mercury_post_9.out
#SBATCH --error=./job-outs/2jump_step_0.2_0.2_0.2_LR_0.05_ah/xia_1000._xip_1000._PSI0_0.005_PSI1_0.5/mercury_post_9.err

#SBATCH --account=pi-lhansen
#SBATCH --partition=standard
#SBATCH --cpus-per-task=3
#SBATCH --mem=16G
#SBATCH --time=7-00:00:00

####### load modules
module load python/booth/3.8/3.8.5  gcc/9.2.0

echo "$SLURM_JOB_NAME"

echo "Program starts $(date)"
start_time=$(date +%s)
# perform a task

python3 /home/bcheng4/TwoCapital_Shrink/abatement/postdamage_2jump_ah.py --num_gamma 10 --xi_a 1000. --xi_g 1000.  --epsilonarr 0.1 0.05  --fractionarr 0.1 0.05   --maxiterarr 80000 120000  --id 9 --psi_0 0.005 --psi_1 0.5 --name 2jump_step_0.2_0.2_0.2_LR_0.05_ah --hXarr 0.2 0.2 0.2 --Xminarr 4.00 0.0 -5.5 0.0 --Xmaxarr 9.00 4.0 0.0 3.0

echo "Program ends $(date)"
end_time=$(date +%s)

# elapsed time with second resolution
elapsed=$((end_time - start_time))

eval "echo Elapsed time: $(date -ud "@$elapsed" +'$((%s/3600/24)) days %H hr %M min %S sec')"

Submitted batch job 10294524
#! /bin/bash

######## login
#SBATCH --job-name=0.050_9
#SBATCH --output=./job-outs/2jump_step_0.2_0.2_0.2_LR_0.05_ah/xia_0.0002_xip_0.050_PSI0_0.005_PSI1_0.5/mercury_post_9.out
#SBATCH --error=./job-outs/2jump_step_0.2_0.2_0.2_LR_0.05_ah/xia_0.0002_xip_0.050_PSI0_0.005_PSI1_0.5/mercury_post_9.err

#SBATCH --account=pi-lhansen
#SBATCH --partition=standard
#SBATCH --cpus-per-task=3
#SBATCH --mem=16G
#SBATCH --time=7-00:00:00

####### load modules
module load python/booth/3.8/3.8.5  gcc/9.2.0

echo "$SLURM_JOB_NAME"

echo "Program starts $(date)"
start_time=$(date +%s)
# perform a task

python3 /home/bcheng4/TwoCapital_Shrink/abatement/postdamage_2jump_ah.py --num_gamma 10 --xi_a 0.0002 --xi_g 0.050  --epsilonarr 0.1 0.05  --fractionarr 0.1 0.05   --maxiterarr 80000 120000  --id 9 --psi_0 0.005 --psi_1 0.5 --name 2jump_step_0.2_0.2_0.2_LR_0.05_ah --hXarr 0.2 0.2 0.2 --Xminarr 4.00 0.0 -5.5 0.0 --Xmaxarr 9.00 4.0 0.0 3.0

echo "Program ends $(date)"
end_time=$(date +%s)

# elapsed time with second resolution
elapsed=$((end_time - start_time))

eval "echo Elapsed time: $(date -ud "@$elapsed" +'$((%s/3600/24)) days %H hr %M min %S sec')"

Submitted batch job 10294525
#! /bin/bash

######## login
#SBATCH --job-name=0.025_9
#SBATCH --output=./job-outs/2jump_step_0.2_0.2_0.2_LR_0.05_ah/xia_0.0002_xip_0.025_PSI0_0.005_PSI1_0.5/mercury_post_9.out
#SBATCH --error=./job-outs/2jump_step_0.2_0.2_0.2_LR_0.05_ah/xia_0.0002_xip_0.025_PSI0_0.005_PSI1_0.5/mercury_post_9.err

#SBATCH --account=pi-lhansen
#SBATCH --partition=standard
#SBATCH --cpus-per-task=3
#SBATCH --mem=16G
#SBATCH --time=7-00:00:00

####### load modules
module load python/booth/3.8/3.8.5  gcc/9.2.0

echo "$SLURM_JOB_NAME"

echo "Program starts $(date)"
start_time=$(date +%s)
# perform a task

python3 /home/bcheng4/TwoCapital_Shrink/abatement/postdamage_2jump_ah.py --num_gamma 10 --xi_a 0.0002 --xi_g 0.025  --epsilonarr 0.1 0.05  --fractionarr 0.1 0.05   --maxiterarr 80000 120000  --id 9 --psi_0 0.005 --psi_1 0.5 --name 2jump_step_0.2_0.2_0.2_LR_0.05_ah --hXarr 0.2 0.2 0.2 --Xminarr 4.00 0.0 -5.5 0.0 --Xmaxarr 9.00 4.0 0.0 3.0

echo "Program ends $(date)"
end_time=$(date +%s)

# elapsed time with second resolution
elapsed=$((end_time - start_time))

eval "echo Elapsed time: $(date -ud "@$elapsed" +'$((%s/3600/24)) days %H hr %M min %S sec')"

Submitted batch job 10294526
