==========================================
SLURM_JOB_ID = 10174731
SLURM_SUBMIT_DIR = /home/bcheng4/TwoCapital_Shrink
SLURM_JOB_NODELIST = mcn59
==========================================
#! /bin/bash

######## login
#SBATCH --job-name=1000._0
#SBATCH --output=./job-outs/2jump_step_0.2_0.2_0.2_LR_0.008_Psi01ComparisonSlide/xia_1000._xip_1000._PSI0_0.005_PSI1_0.5/mercury_post_0.out
#SBATCH --error=./job-outs/2jump_step_0.2_0.2_0.2_LR_0.008_Psi01ComparisonSlide/xia_1000._xip_1000._PSI0_0.005_PSI1_0.5/mercury_post_0.err

#SBATCH --account=pi-lhansen
#SBATCH --partition=standard
#SBATCH --cpus-per-task=3
#SBATCH --mem=16G
#SBATCH --time=7-00:00:00

####### load modules
module load python/booth/3.8/3.8.5  gcc/9.2.0

echo "$SLURM_JOB_NAME"

echo "Program starts $(date)"
start_time=$(date +%s)
# perform a task

python3 /home/bcheng4/TwoCapital_Shrink/abatement/postdamage_2jump_repless.py --num_gamma 10 --xi_a 1000. --xi_g 1000.  --epsilonarr 0.1 0.008  --fractionarr 0.1 0.008   --maxiterarr 60000 100000  --id 0 --psi_0 0.005 --psi_1 0.5 --name 2jump_step_0.2_0.2_0.2_LR_0.008_Psi01ComparisonSlide --hXarr 0.2 0.2 0.2 --Xminarr 4.00 0.0 -5.5 0.0 --Xmaxarr 9.00 4.0 0.0 3.0

echo "Program ends $(date)"
end_time=$(date +%s)

# elapsed time with second resolution
elapsed=$((end_time - start_time))

eval "echo Elapsed time: $(date -ud "@$elapsed" +'$((%s/3600/24)) days %H hr %M min %S sec')"

Submitted batch job 10174732
#! /bin/bash

######## login
#SBATCH --job-name=0.1_0
#SBATCH --output=./job-outs/2jump_step_0.2_0.2_0.2_LR_0.008_Psi01ComparisonSlide/xia_0.0002_xip_0.1_PSI0_0.005_PSI1_0.5/mercury_post_0.out
#SBATCH --error=./job-outs/2jump_step_0.2_0.2_0.2_LR_0.008_Psi01ComparisonSlide/xia_0.0002_xip_0.1_PSI0_0.005_PSI1_0.5/mercury_post_0.err

#SBATCH --account=pi-lhansen
#SBATCH --partition=standard
#SBATCH --cpus-per-task=3
#SBATCH --mem=16G
#SBATCH --time=7-00:00:00

####### load modules
module load python/booth/3.8/3.8.5  gcc/9.2.0

echo "$SLURM_JOB_NAME"

echo "Program starts $(date)"
start_time=$(date +%s)
# perform a task

python3 /home/bcheng4/TwoCapital_Shrink/abatement/postdamage_2jump_repless.py --num_gamma 10 --xi_a 0.0002 --xi_g 0.1  --epsilonarr 0.1 0.008  --fractionarr 0.1 0.008   --maxiterarr 60000 100000  --id 0 --psi_0 0.005 --psi_1 0.5 --name 2jump_step_0.2_0.2_0.2_LR_0.008_Psi01ComparisonSlide --hXarr 0.2 0.2 0.2 --Xminarr 4.00 0.0 -5.5 0.0 --Xmaxarr 9.00 4.0 0.0 3.0

echo "Program ends $(date)"
end_time=$(date +%s)

# elapsed time with second resolution
elapsed=$((end_time - start_time))

eval "echo Elapsed time: $(date -ud "@$elapsed" +'$((%s/3600/24)) days %H hr %M min %S sec')"

Submitted batch job 10174733
#! /bin/bash

######## login
#SBATCH --job-name=0.075_0
#SBATCH --output=./job-outs/2jump_step_0.2_0.2_0.2_LR_0.008_Psi01ComparisonSlide/xia_0.0002_xip_0.075_PSI0_0.005_PSI1_0.5/mercury_post_0.out
#SBATCH --error=./job-outs/2jump_step_0.2_0.2_0.2_LR_0.008_Psi01ComparisonSlide/xia_0.0002_xip_0.075_PSI0_0.005_PSI1_0.5/mercury_post_0.err

#SBATCH --account=pi-lhansen
#SBATCH --partition=standard
#SBATCH --cpus-per-task=3
#SBATCH --mem=16G
#SBATCH --time=7-00:00:00

####### load modules
module load python/booth/3.8/3.8.5  gcc/9.2.0

echo "$SLURM_JOB_NAME"

echo "Program starts $(date)"
start_time=$(date +%s)
# perform a task

python3 /home/bcheng4/TwoCapital_Shrink/abatement/postdamage_2jump_repless.py --num_gamma 10 --xi_a 0.0002 --xi_g 0.075  --epsilonarr 0.1 0.008  --fractionarr 0.1 0.008   --maxiterarr 60000 100000  --id 0 --psi_0 0.005 --psi_1 0.5 --name 2jump_step_0.2_0.2_0.2_LR_0.008_Psi01ComparisonSlide --hXarr 0.2 0.2 0.2 --Xminarr 4.00 0.0 -5.5 0.0 --Xmaxarr 9.00 4.0 0.0 3.0

echo "Program ends $(date)"
end_time=$(date +%s)

# elapsed time with second resolution
elapsed=$((end_time - start_time))

eval "echo Elapsed time: $(date -ud "@$elapsed" +'$((%s/3600/24)) days %H hr %M min %S sec')"

Submitted batch job 10174734
#! /bin/bash

######## login
#SBATCH --job-name=0.05_0
#SBATCH --output=./job-outs/2jump_step_0.2_0.2_0.2_LR_0.008_Psi01ComparisonSlide/xia_0.0002_xip_0.05_PSI0_0.005_PSI1_0.5/mercury_post_0.out
#SBATCH --error=./job-outs/2jump_step_0.2_0.2_0.2_LR_0.008_Psi01ComparisonSlide/xia_0.0002_xip_0.05_PSI0_0.005_PSI1_0.5/mercury_post_0.err

#SBATCH --account=pi-lhansen
#SBATCH --partition=standard
#SBATCH --cpus-per-task=3
#SBATCH --mem=16G
#SBATCH --time=7-00:00:00

####### load modules
module load python/booth/3.8/3.8.5  gcc/9.2.0

echo "$SLURM_JOB_NAME"

echo "Program starts $(date)"
start_time=$(date +%s)
# perform a task

python3 /home/bcheng4/TwoCapital_Shrink/abatement/postdamage_2jump_repless.py --num_gamma 10 --xi_a 0.0002 --xi_g 0.05  --epsilonarr 0.1 0.008  --fractionarr 0.1 0.008   --maxiterarr 60000 100000  --id 0 --psi_0 0.005 --psi_1 0.5 --name 2jump_step_0.2_0.2_0.2_LR_0.008_Psi01ComparisonSlide --hXarr 0.2 0.2 0.2 --Xminarr 4.00 0.0 -5.5 0.0 --Xmaxarr 9.00 4.0 0.0 3.0

echo "Program ends $(date)"
end_time=$(date +%s)

# elapsed time with second resolution
elapsed=$((end_time - start_time))

eval "echo Elapsed time: $(date -ud "@$elapsed" +'$((%s/3600/24)) days %H hr %M min %S sec')"

Submitted batch job 10174735
#! /bin/bash

######## login
#SBATCH --job-name=0.025_0
#SBATCH --output=./job-outs/2jump_step_0.2_0.2_0.2_LR_0.008_Psi01ComparisonSlide/xia_0.0002_xip_0.025_PSI0_0.005_PSI1_0.5/mercury_post_0.out
#SBATCH --error=./job-outs/2jump_step_0.2_0.2_0.2_LR_0.008_Psi01ComparisonSlide/xia_0.0002_xip_0.025_PSI0_0.005_PSI1_0.5/mercury_post_0.err

#SBATCH --account=pi-lhansen
#SBATCH --partition=standard
#SBATCH --cpus-per-task=3
#SBATCH --mem=16G
#SBATCH --time=7-00:00:00

####### load modules
module load python/booth/3.8/3.8.5  gcc/9.2.0

echo "$SLURM_JOB_NAME"

echo "Program starts $(date)"
start_time=$(date +%s)
# perform a task

python3 /home/bcheng4/TwoCapital_Shrink/abatement/postdamage_2jump_repless.py --num_gamma 10 --xi_a 0.0002 --xi_g 0.025  --epsilonarr 0.1 0.008  --fractionarr 0.1 0.008   --maxiterarr 60000 100000  --id 0 --psi_0 0.005 --psi_1 0.5 --name 2jump_step_0.2_0.2_0.2_LR_0.008_Psi01ComparisonSlide --hXarr 0.2 0.2 0.2 --Xminarr 4.00 0.0 -5.5 0.0 --Xmaxarr 9.00 4.0 0.0 3.0

echo "Program ends $(date)"
end_time=$(date +%s)

# elapsed time with second resolution
elapsed=$((end_time - start_time))

eval "echo Elapsed time: $(date -ud "@$elapsed" +'$((%s/3600/24)) days %H hr %M min %S sec')"

Submitted batch job 10174736
#! /bin/bash

######## login
#SBATCH --job-name=1000._1
#SBATCH --output=./job-outs/2jump_step_0.2_0.2_0.2_LR_0.008_Psi01ComparisonSlide/xia_1000._xip_1000._PSI0_0.005_PSI1_0.5/mercury_post_1.out
#SBATCH --error=./job-outs/2jump_step_0.2_0.2_0.2_LR_0.008_Psi01ComparisonSlide/xia_1000._xip_1000._PSI0_0.005_PSI1_0.5/mercury_post_1.err

#SBATCH --account=pi-lhansen
#SBATCH --partition=standard
#SBATCH --cpus-per-task=3
#SBATCH --mem=16G
#SBATCH --time=7-00:00:00

####### load modules
module load python/booth/3.8/3.8.5  gcc/9.2.0

echo "$SLURM_JOB_NAME"

echo "Program starts $(date)"
start_time=$(date +%s)
# perform a task

python3 /home/bcheng4/TwoCapital_Shrink/abatement/postdamage_2jump_repless.py --num_gamma 10 --xi_a 1000. --xi_g 1000.  --epsilonarr 0.1 0.008  --fractionarr 0.1 0.008   --maxiterarr 60000 100000  --id 1 --psi_0 0.005 --psi_1 0.5 --name 2jump_step_0.2_0.2_0.2_LR_0.008_Psi01ComparisonSlide --hXarr 0.2 0.2 0.2 --Xminarr 4.00 0.0 -5.5 0.0 --Xmaxarr 9.00 4.0 0.0 3.0

echo "Program ends $(date)"
end_time=$(date +%s)

# elapsed time with second resolution
elapsed=$((end_time - start_time))

eval "echo Elapsed time: $(date -ud "@$elapsed" +'$((%s/3600/24)) days %H hr %M min %S sec')"

Submitted batch job 10174737
#! /bin/bash

######## login
#SBATCH --job-name=0.1_1
#SBATCH --output=./job-outs/2jump_step_0.2_0.2_0.2_LR_0.008_Psi01ComparisonSlide/xia_0.0002_xip_0.1_PSI0_0.005_PSI1_0.5/mercury_post_1.out
#SBATCH --error=./job-outs/2jump_step_0.2_0.2_0.2_LR_0.008_Psi01ComparisonSlide/xia_0.0002_xip_0.1_PSI0_0.005_PSI1_0.5/mercury_post_1.err

#SBATCH --account=pi-lhansen
#SBATCH --partition=standard
#SBATCH --cpus-per-task=3
#SBATCH --mem=16G
#SBATCH --time=7-00:00:00

####### load modules
module load python/booth/3.8/3.8.5  gcc/9.2.0

echo "$SLURM_JOB_NAME"

echo "Program starts $(date)"
start_time=$(date +%s)
# perform a task

python3 /home/bcheng4/TwoCapital_Shrink/abatement/postdamage_2jump_repless.py --num_gamma 10 --xi_a 0.0002 --xi_g 0.1  --epsilonarr 0.1 0.008  --fractionarr 0.1 0.008   --maxiterarr 60000 100000  --id 1 --psi_0 0.005 --psi_1 0.5 --name 2jump_step_0.2_0.2_0.2_LR_0.008_Psi01ComparisonSlide --hXarr 0.2 0.2 0.2 --Xminarr 4.00 0.0 -5.5 0.0 --Xmaxarr 9.00 4.0 0.0 3.0

echo "Program ends $(date)"
end_time=$(date +%s)

# elapsed time with second resolution
elapsed=$((end_time - start_time))

eval "echo Elapsed time: $(date -ud "@$elapsed" +'$((%s/3600/24)) days %H hr %M min %S sec')"

Submitted batch job 10174738
#! /bin/bash

######## login
#SBATCH --job-name=0.075_1
#SBATCH --output=./job-outs/2jump_step_0.2_0.2_0.2_LR_0.008_Psi01ComparisonSlide/xia_0.0002_xip_0.075_PSI0_0.005_PSI1_0.5/mercury_post_1.out
#SBATCH --error=./job-outs/2jump_step_0.2_0.2_0.2_LR_0.008_Psi01ComparisonSlide/xia_0.0002_xip_0.075_PSI0_0.005_PSI1_0.5/mercury_post_1.err

#SBATCH --account=pi-lhansen
#SBATCH --partition=standard
#SBATCH --cpus-per-task=3
#SBATCH --mem=16G
#SBATCH --time=7-00:00:00

####### load modules
module load python/booth/3.8/3.8.5  gcc/9.2.0

echo "$SLURM_JOB_NAME"

echo "Program starts $(date)"
start_time=$(date +%s)
# perform a task

python3 /home/bcheng4/TwoCapital_Shrink/abatement/postdamage_2jump_repless.py --num_gamma 10 --xi_a 0.0002 --xi_g 0.075  --epsilonarr 0.1 0.008  --fractionarr 0.1 0.008   --maxiterarr 60000 100000  --id 1 --psi_0 0.005 --psi_1 0.5 --name 2jump_step_0.2_0.2_0.2_LR_0.008_Psi01ComparisonSlide --hXarr 0.2 0.2 0.2 --Xminarr 4.00 0.0 -5.5 0.0 --Xmaxarr 9.00 4.0 0.0 3.0

echo "Program ends $(date)"
end_time=$(date +%s)

# elapsed time with second resolution
elapsed=$((end_time - start_time))

eval "echo Elapsed time: $(date -ud "@$elapsed" +'$((%s/3600/24)) days %H hr %M min %S sec')"

Submitted batch job 10174739
#! /bin/bash

######## login
#SBATCH --job-name=0.05_1
#SBATCH --output=./job-outs/2jump_step_0.2_0.2_0.2_LR_0.008_Psi01ComparisonSlide/xia_0.0002_xip_0.05_PSI0_0.005_PSI1_0.5/mercury_post_1.out
#SBATCH --error=./job-outs/2jump_step_0.2_0.2_0.2_LR_0.008_Psi01ComparisonSlide/xia_0.0002_xip_0.05_PSI0_0.005_PSI1_0.5/mercury_post_1.err

#SBATCH --account=pi-lhansen
#SBATCH --partition=standard
#SBATCH --cpus-per-task=3
#SBATCH --mem=16G
#SBATCH --time=7-00:00:00

####### load modules
module load python/booth/3.8/3.8.5  gcc/9.2.0

echo "$SLURM_JOB_NAME"

echo "Program starts $(date)"
start_time=$(date +%s)
# perform a task

python3 /home/bcheng4/TwoCapital_Shrink/abatement/postdamage_2jump_repless.py --num_gamma 10 --xi_a 0.0002 --xi_g 0.05  --epsilonarr 0.1 0.008  --fractionarr 0.1 0.008   --maxiterarr 60000 100000  --id 1 --psi_0 0.005 --psi_1 0.5 --name 2jump_step_0.2_0.2_0.2_LR_0.008_Psi01ComparisonSlide --hXarr 0.2 0.2 0.2 --Xminarr 4.00 0.0 -5.5 0.0 --Xmaxarr 9.00 4.0 0.0 3.0

echo "Program ends $(date)"
end_time=$(date +%s)

# elapsed time with second resolution
elapsed=$((end_time - start_time))

eval "echo Elapsed time: $(date -ud "@$elapsed" +'$((%s/3600/24)) days %H hr %M min %S sec')"

Submitted batch job 10174740
#! /bin/bash

######## login
#SBATCH --job-name=0.025_1
#SBATCH --output=./job-outs/2jump_step_0.2_0.2_0.2_LR_0.008_Psi01ComparisonSlide/xia_0.0002_xip_0.025_PSI0_0.005_PSI1_0.5/mercury_post_1.out
#SBATCH --error=./job-outs/2jump_step_0.2_0.2_0.2_LR_0.008_Psi01ComparisonSlide/xia_0.0002_xip_0.025_PSI0_0.005_PSI1_0.5/mercury_post_1.err

#SBATCH --account=pi-lhansen
#SBATCH --partition=standard
#SBATCH --cpus-per-task=3
#SBATCH --mem=16G
#SBATCH --time=7-00:00:00

####### load modules
module load python/booth/3.8/3.8.5  gcc/9.2.0

echo "$SLURM_JOB_NAME"

echo "Program starts $(date)"
start_time=$(date +%s)
# perform a task

python3 /home/bcheng4/TwoCapital_Shrink/abatement/postdamage_2jump_repless.py --num_gamma 10 --xi_a 0.0002 --xi_g 0.025  --epsilonarr 0.1 0.008  --fractionarr 0.1 0.008   --maxiterarr 60000 100000  --id 1 --psi_0 0.005 --psi_1 0.5 --name 2jump_step_0.2_0.2_0.2_LR_0.008_Psi01ComparisonSlide --hXarr 0.2 0.2 0.2 --Xminarr 4.00 0.0 -5.5 0.0 --Xmaxarr 9.00 4.0 0.0 3.0

echo "Program ends $(date)"
end_time=$(date +%s)

# elapsed time with second resolution
elapsed=$((end_time - start_time))

eval "echo Elapsed time: $(date -ud "@$elapsed" +'$((%s/3600/24)) days %H hr %M min %S sec')"

Submitted batch job 10174741
#! /bin/bash

######## login
#SBATCH --job-name=1000._2
#SBATCH --output=./job-outs/2jump_step_0.2_0.2_0.2_LR_0.008_Psi01ComparisonSlide/xia_1000._xip_1000._PSI0_0.005_PSI1_0.5/mercury_post_2.out
#SBATCH --error=./job-outs/2jump_step_0.2_0.2_0.2_LR_0.008_Psi01ComparisonSlide/xia_1000._xip_1000._PSI0_0.005_PSI1_0.5/mercury_post_2.err

#SBATCH --account=pi-lhansen
#SBATCH --partition=standard
#SBATCH --cpus-per-task=3
#SBATCH --mem=16G
#SBATCH --time=7-00:00:00

####### load modules
module load python/booth/3.8/3.8.5  gcc/9.2.0

echo "$SLURM_JOB_NAME"

echo "Program starts $(date)"
start_time=$(date +%s)
# perform a task

python3 /home/bcheng4/TwoCapital_Shrink/abatement/postdamage_2jump_repless.py --num_gamma 10 --xi_a 1000. --xi_g 1000.  --epsilonarr 0.1 0.008  --fractionarr 0.1 0.008   --maxiterarr 60000 100000  --id 2 --psi_0 0.005 --psi_1 0.5 --name 2jump_step_0.2_0.2_0.2_LR_0.008_Psi01ComparisonSlide --hXarr 0.2 0.2 0.2 --Xminarr 4.00 0.0 -5.5 0.0 --Xmaxarr 9.00 4.0 0.0 3.0

echo "Program ends $(date)"
end_time=$(date +%s)

# elapsed time with second resolution
elapsed=$((end_time - start_time))

eval "echo Elapsed time: $(date -ud "@$elapsed" +'$((%s/3600/24)) days %H hr %M min %S sec')"

Submitted batch job 10174742
#! /bin/bash

######## login
#SBATCH --job-name=0.1_2
#SBATCH --output=./job-outs/2jump_step_0.2_0.2_0.2_LR_0.008_Psi01ComparisonSlide/xia_0.0002_xip_0.1_PSI0_0.005_PSI1_0.5/mercury_post_2.out
#SBATCH --error=./job-outs/2jump_step_0.2_0.2_0.2_LR_0.008_Psi01ComparisonSlide/xia_0.0002_xip_0.1_PSI0_0.005_PSI1_0.5/mercury_post_2.err

#SBATCH --account=pi-lhansen
#SBATCH --partition=standard
#SBATCH --cpus-per-task=3
#SBATCH --mem=16G
#SBATCH --time=7-00:00:00

####### load modules
module load python/booth/3.8/3.8.5  gcc/9.2.0

echo "$SLURM_JOB_NAME"

echo "Program starts $(date)"
start_time=$(date +%s)
# perform a task

python3 /home/bcheng4/TwoCapital_Shrink/abatement/postdamage_2jump_repless.py --num_gamma 10 --xi_a 0.0002 --xi_g 0.1  --epsilonarr 0.1 0.008  --fractionarr 0.1 0.008   --maxiterarr 60000 100000  --id 2 --psi_0 0.005 --psi_1 0.5 --name 2jump_step_0.2_0.2_0.2_LR_0.008_Psi01ComparisonSlide --hXarr 0.2 0.2 0.2 --Xminarr 4.00 0.0 -5.5 0.0 --Xmaxarr 9.00 4.0 0.0 3.0

echo "Program ends $(date)"
end_time=$(date +%s)

# elapsed time with second resolution
elapsed=$((end_time - start_time))

eval "echo Elapsed time: $(date -ud "@$elapsed" +'$((%s/3600/24)) days %H hr %M min %S sec')"

Submitted batch job 10174743
#! /bin/bash

######## login
#SBATCH --job-name=0.075_2
#SBATCH --output=./job-outs/2jump_step_0.2_0.2_0.2_LR_0.008_Psi01ComparisonSlide/xia_0.0002_xip_0.075_PSI0_0.005_PSI1_0.5/mercury_post_2.out
#SBATCH --error=./job-outs/2jump_step_0.2_0.2_0.2_LR_0.008_Psi01ComparisonSlide/xia_0.0002_xip_0.075_PSI0_0.005_PSI1_0.5/mercury_post_2.err

#SBATCH --account=pi-lhansen
#SBATCH --partition=standard
#SBATCH --cpus-per-task=3
#SBATCH --mem=16G
#SBATCH --time=7-00:00:00

####### load modules
module load python/booth/3.8/3.8.5  gcc/9.2.0

echo "$SLURM_JOB_NAME"

echo "Program starts $(date)"
start_time=$(date +%s)
# perform a task

python3 /home/bcheng4/TwoCapital_Shrink/abatement/postdamage_2jump_repless.py --num_gamma 10 --xi_a 0.0002 --xi_g 0.075  --epsilonarr 0.1 0.008  --fractionarr 0.1 0.008   --maxiterarr 60000 100000  --id 2 --psi_0 0.005 --psi_1 0.5 --name 2jump_step_0.2_0.2_0.2_LR_0.008_Psi01ComparisonSlide --hXarr 0.2 0.2 0.2 --Xminarr 4.00 0.0 -5.5 0.0 --Xmaxarr 9.00 4.0 0.0 3.0

echo "Program ends $(date)"
end_time=$(date +%s)

# elapsed time with second resolution
elapsed=$((end_time - start_time))

eval "echo Elapsed time: $(date -ud "@$elapsed" +'$((%s/3600/24)) days %H hr %M min %S sec')"

Submitted batch job 10174744
#! /bin/bash

######## login
#SBATCH --job-name=0.05_2
#SBATCH --output=./job-outs/2jump_step_0.2_0.2_0.2_LR_0.008_Psi01ComparisonSlide/xia_0.0002_xip_0.05_PSI0_0.005_PSI1_0.5/mercury_post_2.out
#SBATCH --error=./job-outs/2jump_step_0.2_0.2_0.2_LR_0.008_Psi01ComparisonSlide/xia_0.0002_xip_0.05_PSI0_0.005_PSI1_0.5/mercury_post_2.err

#SBATCH --account=pi-lhansen
#SBATCH --partition=standard
#SBATCH --cpus-per-task=3
#SBATCH --mem=16G
#SBATCH --time=7-00:00:00

####### load modules
module load python/booth/3.8/3.8.5  gcc/9.2.0

echo "$SLURM_JOB_NAME"

echo "Program starts $(date)"
start_time=$(date +%s)
# perform a task

python3 /home/bcheng4/TwoCapital_Shrink/abatement/postdamage_2jump_repless.py --num_gamma 10 --xi_a 0.0002 --xi_g 0.05  --epsilonarr 0.1 0.008  --fractionarr 0.1 0.008   --maxiterarr 60000 100000  --id 2 --psi_0 0.005 --psi_1 0.5 --name 2jump_step_0.2_0.2_0.2_LR_0.008_Psi01ComparisonSlide --hXarr 0.2 0.2 0.2 --Xminarr 4.00 0.0 -5.5 0.0 --Xmaxarr 9.00 4.0 0.0 3.0

echo "Program ends $(date)"
end_time=$(date +%s)

# elapsed time with second resolution
elapsed=$((end_time - start_time))

eval "echo Elapsed time: $(date -ud "@$elapsed" +'$((%s/3600/24)) days %H hr %M min %S sec')"

Submitted batch job 10174745
#! /bin/bash

######## login
#SBATCH --job-name=0.025_2
#SBATCH --output=./job-outs/2jump_step_0.2_0.2_0.2_LR_0.008_Psi01ComparisonSlide/xia_0.0002_xip_0.025_PSI0_0.005_PSI1_0.5/mercury_post_2.out
#SBATCH --error=./job-outs/2jump_step_0.2_0.2_0.2_LR_0.008_Psi01ComparisonSlide/xia_0.0002_xip_0.025_PSI0_0.005_PSI1_0.5/mercury_post_2.err

#SBATCH --account=pi-lhansen
#SBATCH --partition=standard
#SBATCH --cpus-per-task=3
#SBATCH --mem=16G
#SBATCH --time=7-00:00:00

####### load modules
module load python/booth/3.8/3.8.5  gcc/9.2.0

echo "$SLURM_JOB_NAME"

echo "Program starts $(date)"
start_time=$(date +%s)
# perform a task

python3 /home/bcheng4/TwoCapital_Shrink/abatement/postdamage_2jump_repless.py --num_gamma 10 --xi_a 0.0002 --xi_g 0.025  --epsilonarr 0.1 0.008  --fractionarr 0.1 0.008   --maxiterarr 60000 100000  --id 2 --psi_0 0.005 --psi_1 0.5 --name 2jump_step_0.2_0.2_0.2_LR_0.008_Psi01ComparisonSlide --hXarr 0.2 0.2 0.2 --Xminarr 4.00 0.0 -5.5 0.0 --Xmaxarr 9.00 4.0 0.0 3.0

echo "Program ends $(date)"
end_time=$(date +%s)

# elapsed time with second resolution
elapsed=$((end_time - start_time))

eval "echo Elapsed time: $(date -ud "@$elapsed" +'$((%s/3600/24)) days %H hr %M min %S sec')"

Submitted batch job 10174746
#! /bin/bash

######## login
#SBATCH --job-name=1000._3
#SBATCH --output=./job-outs/2jump_step_0.2_0.2_0.2_LR_0.008_Psi01ComparisonSlide/xia_1000._xip_1000._PSI0_0.005_PSI1_0.5/mercury_post_3.out
#SBATCH --error=./job-outs/2jump_step_0.2_0.2_0.2_LR_0.008_Psi01ComparisonSlide/xia_1000._xip_1000._PSI0_0.005_PSI1_0.5/mercury_post_3.err

#SBATCH --account=pi-lhansen
#SBATCH --partition=standard
#SBATCH --cpus-per-task=3
#SBATCH --mem=16G
#SBATCH --time=7-00:00:00

####### load modules
module load python/booth/3.8/3.8.5  gcc/9.2.0

echo "$SLURM_JOB_NAME"

echo "Program starts $(date)"
start_time=$(date +%s)
# perform a task

python3 /home/bcheng4/TwoCapital_Shrink/abatement/postdamage_2jump_repless.py --num_gamma 10 --xi_a 1000. --xi_g 1000.  --epsilonarr 0.1 0.008  --fractionarr 0.1 0.008   --maxiterarr 60000 100000  --id 3 --psi_0 0.005 --psi_1 0.5 --name 2jump_step_0.2_0.2_0.2_LR_0.008_Psi01ComparisonSlide --hXarr 0.2 0.2 0.2 --Xminarr 4.00 0.0 -5.5 0.0 --Xmaxarr 9.00 4.0 0.0 3.0

echo "Program ends $(date)"
end_time=$(date +%s)

# elapsed time with second resolution
elapsed=$((end_time - start_time))

eval "echo Elapsed time: $(date -ud "@$elapsed" +'$((%s/3600/24)) days %H hr %M min %S sec')"

Submitted batch job 10174747
#! /bin/bash

######## login
#SBATCH --job-name=0.1_3
#SBATCH --output=./job-outs/2jump_step_0.2_0.2_0.2_LR_0.008_Psi01ComparisonSlide/xia_0.0002_xip_0.1_PSI0_0.005_PSI1_0.5/mercury_post_3.out
#SBATCH --error=./job-outs/2jump_step_0.2_0.2_0.2_LR_0.008_Psi01ComparisonSlide/xia_0.0002_xip_0.1_PSI0_0.005_PSI1_0.5/mercury_post_3.err

#SBATCH --account=pi-lhansen
#SBATCH --partition=standard
#SBATCH --cpus-per-task=3
#SBATCH --mem=16G
#SBATCH --time=7-00:00:00

####### load modules
module load python/booth/3.8/3.8.5  gcc/9.2.0

echo "$SLURM_JOB_NAME"

echo "Program starts $(date)"
start_time=$(date +%s)
# perform a task

python3 /home/bcheng4/TwoCapital_Shrink/abatement/postdamage_2jump_repless.py --num_gamma 10 --xi_a 0.0002 --xi_g 0.1  --epsilonarr 0.1 0.008  --fractionarr 0.1 0.008   --maxiterarr 60000 100000  --id 3 --psi_0 0.005 --psi_1 0.5 --name 2jump_step_0.2_0.2_0.2_LR_0.008_Psi01ComparisonSlide --hXarr 0.2 0.2 0.2 --Xminarr 4.00 0.0 -5.5 0.0 --Xmaxarr 9.00 4.0 0.0 3.0

echo "Program ends $(date)"
end_time=$(date +%s)

# elapsed time with second resolution
elapsed=$((end_time - start_time))

eval "echo Elapsed time: $(date -ud "@$elapsed" +'$((%s/3600/24)) days %H hr %M min %S sec')"

Submitted batch job 10174748
#! /bin/bash

######## login
#SBATCH --job-name=0.075_3
#SBATCH --output=./job-outs/2jump_step_0.2_0.2_0.2_LR_0.008_Psi01ComparisonSlide/xia_0.0002_xip_0.075_PSI0_0.005_PSI1_0.5/mercury_post_3.out
#SBATCH --error=./job-outs/2jump_step_0.2_0.2_0.2_LR_0.008_Psi01ComparisonSlide/xia_0.0002_xip_0.075_PSI0_0.005_PSI1_0.5/mercury_post_3.err

#SBATCH --account=pi-lhansen
#SBATCH --partition=standard
#SBATCH --cpus-per-task=3
#SBATCH --mem=16G
#SBATCH --time=7-00:00:00

####### load modules
module load python/booth/3.8/3.8.5  gcc/9.2.0

echo "$SLURM_JOB_NAME"

echo "Program starts $(date)"
start_time=$(date +%s)
# perform a task

python3 /home/bcheng4/TwoCapital_Shrink/abatement/postdamage_2jump_repless.py --num_gamma 10 --xi_a 0.0002 --xi_g 0.075  --epsilonarr 0.1 0.008  --fractionarr 0.1 0.008   --maxiterarr 60000 100000  --id 3 --psi_0 0.005 --psi_1 0.5 --name 2jump_step_0.2_0.2_0.2_LR_0.008_Psi01ComparisonSlide --hXarr 0.2 0.2 0.2 --Xminarr 4.00 0.0 -5.5 0.0 --Xmaxarr 9.00 4.0 0.0 3.0

echo "Program ends $(date)"
end_time=$(date +%s)

# elapsed time with second resolution
elapsed=$((end_time - start_time))

eval "echo Elapsed time: $(date -ud "@$elapsed" +'$((%s/3600/24)) days %H hr %M min %S sec')"

Submitted batch job 10174749
#! /bin/bash

######## login
#SBATCH --job-name=0.05_3
#SBATCH --output=./job-outs/2jump_step_0.2_0.2_0.2_LR_0.008_Psi01ComparisonSlide/xia_0.0002_xip_0.05_PSI0_0.005_PSI1_0.5/mercury_post_3.out
#SBATCH --error=./job-outs/2jump_step_0.2_0.2_0.2_LR_0.008_Psi01ComparisonSlide/xia_0.0002_xip_0.05_PSI0_0.005_PSI1_0.5/mercury_post_3.err

#SBATCH --account=pi-lhansen
#SBATCH --partition=standard
#SBATCH --cpus-per-task=3
#SBATCH --mem=16G
#SBATCH --time=7-00:00:00

####### load modules
module load python/booth/3.8/3.8.5  gcc/9.2.0

echo "$SLURM_JOB_NAME"

echo "Program starts $(date)"
start_time=$(date +%s)
# perform a task

python3 /home/bcheng4/TwoCapital_Shrink/abatement/postdamage_2jump_repless.py --num_gamma 10 --xi_a 0.0002 --xi_g 0.05  --epsilonarr 0.1 0.008  --fractionarr 0.1 0.008   --maxiterarr 60000 100000  --id 3 --psi_0 0.005 --psi_1 0.5 --name 2jump_step_0.2_0.2_0.2_LR_0.008_Psi01ComparisonSlide --hXarr 0.2 0.2 0.2 --Xminarr 4.00 0.0 -5.5 0.0 --Xmaxarr 9.00 4.0 0.0 3.0

echo "Program ends $(date)"
end_time=$(date +%s)

# elapsed time with second resolution
elapsed=$((end_time - start_time))

eval "echo Elapsed time: $(date -ud "@$elapsed" +'$((%s/3600/24)) days %H hr %M min %S sec')"

Submitted batch job 10174750
#! /bin/bash

######## login
#SBATCH --job-name=0.025_3
#SBATCH --output=./job-outs/2jump_step_0.2_0.2_0.2_LR_0.008_Psi01ComparisonSlide/xia_0.0002_xip_0.025_PSI0_0.005_PSI1_0.5/mercury_post_3.out
#SBATCH --error=./job-outs/2jump_step_0.2_0.2_0.2_LR_0.008_Psi01ComparisonSlide/xia_0.0002_xip_0.025_PSI0_0.005_PSI1_0.5/mercury_post_3.err

#SBATCH --account=pi-lhansen
#SBATCH --partition=standard
#SBATCH --cpus-per-task=3
#SBATCH --mem=16G
#SBATCH --time=7-00:00:00

####### load modules
module load python/booth/3.8/3.8.5  gcc/9.2.0

echo "$SLURM_JOB_NAME"

echo "Program starts $(date)"
start_time=$(date +%s)
# perform a task

python3 /home/bcheng4/TwoCapital_Shrink/abatement/postdamage_2jump_repless.py --num_gamma 10 --xi_a 0.0002 --xi_g 0.025  --epsilonarr 0.1 0.008  --fractionarr 0.1 0.008   --maxiterarr 60000 100000  --id 3 --psi_0 0.005 --psi_1 0.5 --name 2jump_step_0.2_0.2_0.2_LR_0.008_Psi01ComparisonSlide --hXarr 0.2 0.2 0.2 --Xminarr 4.00 0.0 -5.5 0.0 --Xmaxarr 9.00 4.0 0.0 3.0

echo "Program ends $(date)"
end_time=$(date +%s)

# elapsed time with second resolution
elapsed=$((end_time - start_time))

eval "echo Elapsed time: $(date -ud "@$elapsed" +'$((%s/3600/24)) days %H hr %M min %S sec')"

Submitted batch job 10174751
#! /bin/bash

######## login
#SBATCH --job-name=1000._4
#SBATCH --output=./job-outs/2jump_step_0.2_0.2_0.2_LR_0.008_Psi01ComparisonSlide/xia_1000._xip_1000._PSI0_0.005_PSI1_0.5/mercury_post_4.out
#SBATCH --error=./job-outs/2jump_step_0.2_0.2_0.2_LR_0.008_Psi01ComparisonSlide/xia_1000._xip_1000._PSI0_0.005_PSI1_0.5/mercury_post_4.err

#SBATCH --account=pi-lhansen
#SBATCH --partition=standard
#SBATCH --cpus-per-task=3
#SBATCH --mem=16G
#SBATCH --time=7-00:00:00

####### load modules
module load python/booth/3.8/3.8.5  gcc/9.2.0

echo "$SLURM_JOB_NAME"

echo "Program starts $(date)"
start_time=$(date +%s)
# perform a task

python3 /home/bcheng4/TwoCapital_Shrink/abatement/postdamage_2jump_repless.py --num_gamma 10 --xi_a 1000. --xi_g 1000.  --epsilonarr 0.1 0.008  --fractionarr 0.1 0.008   --maxiterarr 60000 100000  --id 4 --psi_0 0.005 --psi_1 0.5 --name 2jump_step_0.2_0.2_0.2_LR_0.008_Psi01ComparisonSlide --hXarr 0.2 0.2 0.2 --Xminarr 4.00 0.0 -5.5 0.0 --Xmaxarr 9.00 4.0 0.0 3.0

echo "Program ends $(date)"
end_time=$(date +%s)

# elapsed time with second resolution
elapsed=$((end_time - start_time))

eval "echo Elapsed time: $(date -ud "@$elapsed" +'$((%s/3600/24)) days %H hr %M min %S sec')"

Submitted batch job 10174752
#! /bin/bash

######## login
#SBATCH --job-name=0.1_4
#SBATCH --output=./job-outs/2jump_step_0.2_0.2_0.2_LR_0.008_Psi01ComparisonSlide/xia_0.0002_xip_0.1_PSI0_0.005_PSI1_0.5/mercury_post_4.out
#SBATCH --error=./job-outs/2jump_step_0.2_0.2_0.2_LR_0.008_Psi01ComparisonSlide/xia_0.0002_xip_0.1_PSI0_0.005_PSI1_0.5/mercury_post_4.err

#SBATCH --account=pi-lhansen
#SBATCH --partition=standard
#SBATCH --cpus-per-task=3
#SBATCH --mem=16G
#SBATCH --time=7-00:00:00

####### load modules
module load python/booth/3.8/3.8.5  gcc/9.2.0

echo "$SLURM_JOB_NAME"

echo "Program starts $(date)"
start_time=$(date +%s)
# perform a task

python3 /home/bcheng4/TwoCapital_Shrink/abatement/postdamage_2jump_repless.py --num_gamma 10 --xi_a 0.0002 --xi_g 0.1  --epsilonarr 0.1 0.008  --fractionarr 0.1 0.008   --maxiterarr 60000 100000  --id 4 --psi_0 0.005 --psi_1 0.5 --name 2jump_step_0.2_0.2_0.2_LR_0.008_Psi01ComparisonSlide --hXarr 0.2 0.2 0.2 --Xminarr 4.00 0.0 -5.5 0.0 --Xmaxarr 9.00 4.0 0.0 3.0

echo "Program ends $(date)"
end_time=$(date +%s)

# elapsed time with second resolution
elapsed=$((end_time - start_time))

eval "echo Elapsed time: $(date -ud "@$elapsed" +'$((%s/3600/24)) days %H hr %M min %S sec')"

Submitted batch job 10174753
#! /bin/bash

######## login
#SBATCH --job-name=0.075_4
#SBATCH --output=./job-outs/2jump_step_0.2_0.2_0.2_LR_0.008_Psi01ComparisonSlide/xia_0.0002_xip_0.075_PSI0_0.005_PSI1_0.5/mercury_post_4.out
#SBATCH --error=./job-outs/2jump_step_0.2_0.2_0.2_LR_0.008_Psi01ComparisonSlide/xia_0.0002_xip_0.075_PSI0_0.005_PSI1_0.5/mercury_post_4.err

#SBATCH --account=pi-lhansen
#SBATCH --partition=standard
#SBATCH --cpus-per-task=3
#SBATCH --mem=16G
#SBATCH --time=7-00:00:00

####### load modules
module load python/booth/3.8/3.8.5  gcc/9.2.0

echo "$SLURM_JOB_NAME"

echo "Program starts $(date)"
start_time=$(date +%s)
# perform a task

python3 /home/bcheng4/TwoCapital_Shrink/abatement/postdamage_2jump_repless.py --num_gamma 10 --xi_a 0.0002 --xi_g 0.075  --epsilonarr 0.1 0.008  --fractionarr 0.1 0.008   --maxiterarr 60000 100000  --id 4 --psi_0 0.005 --psi_1 0.5 --name 2jump_step_0.2_0.2_0.2_LR_0.008_Psi01ComparisonSlide --hXarr 0.2 0.2 0.2 --Xminarr 4.00 0.0 -5.5 0.0 --Xmaxarr 9.00 4.0 0.0 3.0

echo "Program ends $(date)"
end_time=$(date +%s)

# elapsed time with second resolution
elapsed=$((end_time - start_time))

eval "echo Elapsed time: $(date -ud "@$elapsed" +'$((%s/3600/24)) days %H hr %M min %S sec')"

Submitted batch job 10174754
#! /bin/bash

######## login
#SBATCH --job-name=0.05_4
#SBATCH --output=./job-outs/2jump_step_0.2_0.2_0.2_LR_0.008_Psi01ComparisonSlide/xia_0.0002_xip_0.05_PSI0_0.005_PSI1_0.5/mercury_post_4.out
#SBATCH --error=./job-outs/2jump_step_0.2_0.2_0.2_LR_0.008_Psi01ComparisonSlide/xia_0.0002_xip_0.05_PSI0_0.005_PSI1_0.5/mercury_post_4.err

#SBATCH --account=pi-lhansen
#SBATCH --partition=standard
#SBATCH --cpus-per-task=3
#SBATCH --mem=16G
#SBATCH --time=7-00:00:00

####### load modules
module load python/booth/3.8/3.8.5  gcc/9.2.0

echo "$SLURM_JOB_NAME"

echo "Program starts $(date)"
start_time=$(date +%s)
# perform a task

python3 /home/bcheng4/TwoCapital_Shrink/abatement/postdamage_2jump_repless.py --num_gamma 10 --xi_a 0.0002 --xi_g 0.05  --epsilonarr 0.1 0.008  --fractionarr 0.1 0.008   --maxiterarr 60000 100000  --id 4 --psi_0 0.005 --psi_1 0.5 --name 2jump_step_0.2_0.2_0.2_LR_0.008_Psi01ComparisonSlide --hXarr 0.2 0.2 0.2 --Xminarr 4.00 0.0 -5.5 0.0 --Xmaxarr 9.00 4.0 0.0 3.0

echo "Program ends $(date)"
end_time=$(date +%s)

# elapsed time with second resolution
elapsed=$((end_time - start_time))

eval "echo Elapsed time: $(date -ud "@$elapsed" +'$((%s/3600/24)) days %H hr %M min %S sec')"

Submitted batch job 10174755
#! /bin/bash

######## login
#SBATCH --job-name=0.025_4
#SBATCH --output=./job-outs/2jump_step_0.2_0.2_0.2_LR_0.008_Psi01ComparisonSlide/xia_0.0002_xip_0.025_PSI0_0.005_PSI1_0.5/mercury_post_4.out
#SBATCH --error=./job-outs/2jump_step_0.2_0.2_0.2_LR_0.008_Psi01ComparisonSlide/xia_0.0002_xip_0.025_PSI0_0.005_PSI1_0.5/mercury_post_4.err

#SBATCH --account=pi-lhansen
#SBATCH --partition=standard
#SBATCH --cpus-per-task=3
#SBATCH --mem=16G
#SBATCH --time=7-00:00:00

####### load modules
module load python/booth/3.8/3.8.5  gcc/9.2.0

echo "$SLURM_JOB_NAME"

echo "Program starts $(date)"
start_time=$(date +%s)
# perform a task

python3 /home/bcheng4/TwoCapital_Shrink/abatement/postdamage_2jump_repless.py --num_gamma 10 --xi_a 0.0002 --xi_g 0.025  --epsilonarr 0.1 0.008  --fractionarr 0.1 0.008   --maxiterarr 60000 100000  --id 4 --psi_0 0.005 --psi_1 0.5 --name 2jump_step_0.2_0.2_0.2_LR_0.008_Psi01ComparisonSlide --hXarr 0.2 0.2 0.2 --Xminarr 4.00 0.0 -5.5 0.0 --Xmaxarr 9.00 4.0 0.0 3.0

echo "Program ends $(date)"
end_time=$(date +%s)

# elapsed time with second resolution
elapsed=$((end_time - start_time))

eval "echo Elapsed time: $(date -ud "@$elapsed" +'$((%s/3600/24)) days %H hr %M min %S sec')"

Submitted batch job 10174756
#! /bin/bash

######## login
#SBATCH --job-name=1000._5
#SBATCH --output=./job-outs/2jump_step_0.2_0.2_0.2_LR_0.008_Psi01ComparisonSlide/xia_1000._xip_1000._PSI0_0.005_PSI1_0.5/mercury_post_5.out
#SBATCH --error=./job-outs/2jump_step_0.2_0.2_0.2_LR_0.008_Psi01ComparisonSlide/xia_1000._xip_1000._PSI0_0.005_PSI1_0.5/mercury_post_5.err

#SBATCH --account=pi-lhansen
#SBATCH --partition=standard
#SBATCH --cpus-per-task=3
#SBATCH --mem=16G
#SBATCH --time=7-00:00:00

####### load modules
module load python/booth/3.8/3.8.5  gcc/9.2.0

echo "$SLURM_JOB_NAME"

echo "Program starts $(date)"
start_time=$(date +%s)
# perform a task

python3 /home/bcheng4/TwoCapital_Shrink/abatement/postdamage_2jump_repless.py --num_gamma 10 --xi_a 1000. --xi_g 1000.  --epsilonarr 0.1 0.008  --fractionarr 0.1 0.008   --maxiterarr 60000 100000  --id 5 --psi_0 0.005 --psi_1 0.5 --name 2jump_step_0.2_0.2_0.2_LR_0.008_Psi01ComparisonSlide --hXarr 0.2 0.2 0.2 --Xminarr 4.00 0.0 -5.5 0.0 --Xmaxarr 9.00 4.0 0.0 3.0

echo "Program ends $(date)"
end_time=$(date +%s)

# elapsed time with second resolution
elapsed=$((end_time - start_time))

eval "echo Elapsed time: $(date -ud "@$elapsed" +'$((%s/3600/24)) days %H hr %M min %S sec')"

Submitted batch job 10174757
#! /bin/bash

######## login
#SBATCH --job-name=0.1_5
#SBATCH --output=./job-outs/2jump_step_0.2_0.2_0.2_LR_0.008_Psi01ComparisonSlide/xia_0.0002_xip_0.1_PSI0_0.005_PSI1_0.5/mercury_post_5.out
#SBATCH --error=./job-outs/2jump_step_0.2_0.2_0.2_LR_0.008_Psi01ComparisonSlide/xia_0.0002_xip_0.1_PSI0_0.005_PSI1_0.5/mercury_post_5.err

#SBATCH --account=pi-lhansen
#SBATCH --partition=standard
#SBATCH --cpus-per-task=3
#SBATCH --mem=16G
#SBATCH --time=7-00:00:00

####### load modules
module load python/booth/3.8/3.8.5  gcc/9.2.0

echo "$SLURM_JOB_NAME"

echo "Program starts $(date)"
start_time=$(date +%s)
# perform a task

python3 /home/bcheng4/TwoCapital_Shrink/abatement/postdamage_2jump_repless.py --num_gamma 10 --xi_a 0.0002 --xi_g 0.1  --epsilonarr 0.1 0.008  --fractionarr 0.1 0.008   --maxiterarr 60000 100000  --id 5 --psi_0 0.005 --psi_1 0.5 --name 2jump_step_0.2_0.2_0.2_LR_0.008_Psi01ComparisonSlide --hXarr 0.2 0.2 0.2 --Xminarr 4.00 0.0 -5.5 0.0 --Xmaxarr 9.00 4.0 0.0 3.0

echo "Program ends $(date)"
end_time=$(date +%s)

# elapsed time with second resolution
elapsed=$((end_time - start_time))

eval "echo Elapsed time: $(date -ud "@$elapsed" +'$((%s/3600/24)) days %H hr %M min %S sec')"

Submitted batch job 10174758
#! /bin/bash

######## login
#SBATCH --job-name=0.075_5
#SBATCH --output=./job-outs/2jump_step_0.2_0.2_0.2_LR_0.008_Psi01ComparisonSlide/xia_0.0002_xip_0.075_PSI0_0.005_PSI1_0.5/mercury_post_5.out
#SBATCH --error=./job-outs/2jump_step_0.2_0.2_0.2_LR_0.008_Psi01ComparisonSlide/xia_0.0002_xip_0.075_PSI0_0.005_PSI1_0.5/mercury_post_5.err

#SBATCH --account=pi-lhansen
#SBATCH --partition=standard
#SBATCH --cpus-per-task=3
#SBATCH --mem=16G
#SBATCH --time=7-00:00:00

####### load modules
module load python/booth/3.8/3.8.5  gcc/9.2.0

echo "$SLURM_JOB_NAME"

echo "Program starts $(date)"
start_time=$(date +%s)
# perform a task

python3 /home/bcheng4/TwoCapital_Shrink/abatement/postdamage_2jump_repless.py --num_gamma 10 --xi_a 0.0002 --xi_g 0.075  --epsilonarr 0.1 0.008  --fractionarr 0.1 0.008   --maxiterarr 60000 100000  --id 5 --psi_0 0.005 --psi_1 0.5 --name 2jump_step_0.2_0.2_0.2_LR_0.008_Psi01ComparisonSlide --hXarr 0.2 0.2 0.2 --Xminarr 4.00 0.0 -5.5 0.0 --Xmaxarr 9.00 4.0 0.0 3.0

echo "Program ends $(date)"
end_time=$(date +%s)

# elapsed time with second resolution
elapsed=$((end_time - start_time))

eval "echo Elapsed time: $(date -ud "@$elapsed" +'$((%s/3600/24)) days %H hr %M min %S sec')"

Submitted batch job 10174759
#! /bin/bash

######## login
#SBATCH --job-name=0.05_5
#SBATCH --output=./job-outs/2jump_step_0.2_0.2_0.2_LR_0.008_Psi01ComparisonSlide/xia_0.0002_xip_0.05_PSI0_0.005_PSI1_0.5/mercury_post_5.out
#SBATCH --error=./job-outs/2jump_step_0.2_0.2_0.2_LR_0.008_Psi01ComparisonSlide/xia_0.0002_xip_0.05_PSI0_0.005_PSI1_0.5/mercury_post_5.err

#SBATCH --account=pi-lhansen
#SBATCH --partition=standard
#SBATCH --cpus-per-task=3
#SBATCH --mem=16G
#SBATCH --time=7-00:00:00

####### load modules
module load python/booth/3.8/3.8.5  gcc/9.2.0

echo "$SLURM_JOB_NAME"

echo "Program starts $(date)"
start_time=$(date +%s)
# perform a task

python3 /home/bcheng4/TwoCapital_Shrink/abatement/postdamage_2jump_repless.py --num_gamma 10 --xi_a 0.0002 --xi_g 0.05  --epsilonarr 0.1 0.008  --fractionarr 0.1 0.008   --maxiterarr 60000 100000  --id 5 --psi_0 0.005 --psi_1 0.5 --name 2jump_step_0.2_0.2_0.2_LR_0.008_Psi01ComparisonSlide --hXarr 0.2 0.2 0.2 --Xminarr 4.00 0.0 -5.5 0.0 --Xmaxarr 9.00 4.0 0.0 3.0

echo "Program ends $(date)"
end_time=$(date +%s)

# elapsed time with second resolution
elapsed=$((end_time - start_time))

eval "echo Elapsed time: $(date -ud "@$elapsed" +'$((%s/3600/24)) days %H hr %M min %S sec')"

Submitted batch job 10174760
#! /bin/bash

######## login
#SBATCH --job-name=0.025_5
#SBATCH --output=./job-outs/2jump_step_0.2_0.2_0.2_LR_0.008_Psi01ComparisonSlide/xia_0.0002_xip_0.025_PSI0_0.005_PSI1_0.5/mercury_post_5.out
#SBATCH --error=./job-outs/2jump_step_0.2_0.2_0.2_LR_0.008_Psi01ComparisonSlide/xia_0.0002_xip_0.025_PSI0_0.005_PSI1_0.5/mercury_post_5.err

#SBATCH --account=pi-lhansen
#SBATCH --partition=standard
#SBATCH --cpus-per-task=3
#SBATCH --mem=16G
#SBATCH --time=7-00:00:00

####### load modules
module load python/booth/3.8/3.8.5  gcc/9.2.0

echo "$SLURM_JOB_NAME"

echo "Program starts $(date)"
start_time=$(date +%s)
# perform a task

python3 /home/bcheng4/TwoCapital_Shrink/abatement/postdamage_2jump_repless.py --num_gamma 10 --xi_a 0.0002 --xi_g 0.025  --epsilonarr 0.1 0.008  --fractionarr 0.1 0.008   --maxiterarr 60000 100000  --id 5 --psi_0 0.005 --psi_1 0.5 --name 2jump_step_0.2_0.2_0.2_LR_0.008_Psi01ComparisonSlide --hXarr 0.2 0.2 0.2 --Xminarr 4.00 0.0 -5.5 0.0 --Xmaxarr 9.00 4.0 0.0 3.0

echo "Program ends $(date)"
end_time=$(date +%s)

# elapsed time with second resolution
elapsed=$((end_time - start_time))

eval "echo Elapsed time: $(date -ud "@$elapsed" +'$((%s/3600/24)) days %H hr %M min %S sec')"

Submitted batch job 10174761
#! /bin/bash

######## login
#SBATCH --job-name=1000._6
#SBATCH --output=./job-outs/2jump_step_0.2_0.2_0.2_LR_0.008_Psi01ComparisonSlide/xia_1000._xip_1000._PSI0_0.005_PSI1_0.5/mercury_post_6.out
#SBATCH --error=./job-outs/2jump_step_0.2_0.2_0.2_LR_0.008_Psi01ComparisonSlide/xia_1000._xip_1000._PSI0_0.005_PSI1_0.5/mercury_post_6.err

#SBATCH --account=pi-lhansen
#SBATCH --partition=standard
#SBATCH --cpus-per-task=3
#SBATCH --mem=16G
#SBATCH --time=7-00:00:00

####### load modules
module load python/booth/3.8/3.8.5  gcc/9.2.0

echo "$SLURM_JOB_NAME"

echo "Program starts $(date)"
start_time=$(date +%s)
# perform a task

python3 /home/bcheng4/TwoCapital_Shrink/abatement/postdamage_2jump_repless.py --num_gamma 10 --xi_a 1000. --xi_g 1000.  --epsilonarr 0.1 0.008  --fractionarr 0.1 0.008   --maxiterarr 60000 100000  --id 6 --psi_0 0.005 --psi_1 0.5 --name 2jump_step_0.2_0.2_0.2_LR_0.008_Psi01ComparisonSlide --hXarr 0.2 0.2 0.2 --Xminarr 4.00 0.0 -5.5 0.0 --Xmaxarr 9.00 4.0 0.0 3.0

echo "Program ends $(date)"
end_time=$(date +%s)

# elapsed time with second resolution
elapsed=$((end_time - start_time))

eval "echo Elapsed time: $(date -ud "@$elapsed" +'$((%s/3600/24)) days %H hr %M min %S sec')"

Submitted batch job 10174762
#! /bin/bash

######## login
#SBATCH --job-name=0.1_6
#SBATCH --output=./job-outs/2jump_step_0.2_0.2_0.2_LR_0.008_Psi01ComparisonSlide/xia_0.0002_xip_0.1_PSI0_0.005_PSI1_0.5/mercury_post_6.out
#SBATCH --error=./job-outs/2jump_step_0.2_0.2_0.2_LR_0.008_Psi01ComparisonSlide/xia_0.0002_xip_0.1_PSI0_0.005_PSI1_0.5/mercury_post_6.err

#SBATCH --account=pi-lhansen
#SBATCH --partition=standard
#SBATCH --cpus-per-task=3
#SBATCH --mem=16G
#SBATCH --time=7-00:00:00

####### load modules
module load python/booth/3.8/3.8.5  gcc/9.2.0

echo "$SLURM_JOB_NAME"

echo "Program starts $(date)"
start_time=$(date +%s)
# perform a task

python3 /home/bcheng4/TwoCapital_Shrink/abatement/postdamage_2jump_repless.py --num_gamma 10 --xi_a 0.0002 --xi_g 0.1  --epsilonarr 0.1 0.008  --fractionarr 0.1 0.008   --maxiterarr 60000 100000  --id 6 --psi_0 0.005 --psi_1 0.5 --name 2jump_step_0.2_0.2_0.2_LR_0.008_Psi01ComparisonSlide --hXarr 0.2 0.2 0.2 --Xminarr 4.00 0.0 -5.5 0.0 --Xmaxarr 9.00 4.0 0.0 3.0

echo "Program ends $(date)"
end_time=$(date +%s)

# elapsed time with second resolution
elapsed=$((end_time - start_time))

eval "echo Elapsed time: $(date -ud "@$elapsed" +'$((%s/3600/24)) days %H hr %M min %S sec')"

Submitted batch job 10174763
#! /bin/bash

######## login
#SBATCH --job-name=0.075_6
#SBATCH --output=./job-outs/2jump_step_0.2_0.2_0.2_LR_0.008_Psi01ComparisonSlide/xia_0.0002_xip_0.075_PSI0_0.005_PSI1_0.5/mercury_post_6.out
#SBATCH --error=./job-outs/2jump_step_0.2_0.2_0.2_LR_0.008_Psi01ComparisonSlide/xia_0.0002_xip_0.075_PSI0_0.005_PSI1_0.5/mercury_post_6.err

#SBATCH --account=pi-lhansen
#SBATCH --partition=standard
#SBATCH --cpus-per-task=3
#SBATCH --mem=16G
#SBATCH --time=7-00:00:00

####### load modules
module load python/booth/3.8/3.8.5  gcc/9.2.0

echo "$SLURM_JOB_NAME"

echo "Program starts $(date)"
start_time=$(date +%s)
# perform a task

python3 /home/bcheng4/TwoCapital_Shrink/abatement/postdamage_2jump_repless.py --num_gamma 10 --xi_a 0.0002 --xi_g 0.075  --epsilonarr 0.1 0.008  --fractionarr 0.1 0.008   --maxiterarr 60000 100000  --id 6 --psi_0 0.005 --psi_1 0.5 --name 2jump_step_0.2_0.2_0.2_LR_0.008_Psi01ComparisonSlide --hXarr 0.2 0.2 0.2 --Xminarr 4.00 0.0 -5.5 0.0 --Xmaxarr 9.00 4.0 0.0 3.0

echo "Program ends $(date)"
end_time=$(date +%s)

# elapsed time with second resolution
elapsed=$((end_time - start_time))

eval "echo Elapsed time: $(date -ud "@$elapsed" +'$((%s/3600/24)) days %H hr %M min %S sec')"

Submitted batch job 10174764
#! /bin/bash

######## login
#SBATCH --job-name=0.05_6
#SBATCH --output=./job-outs/2jump_step_0.2_0.2_0.2_LR_0.008_Psi01ComparisonSlide/xia_0.0002_xip_0.05_PSI0_0.005_PSI1_0.5/mercury_post_6.out
#SBATCH --error=./job-outs/2jump_step_0.2_0.2_0.2_LR_0.008_Psi01ComparisonSlide/xia_0.0002_xip_0.05_PSI0_0.005_PSI1_0.5/mercury_post_6.err

#SBATCH --account=pi-lhansen
#SBATCH --partition=standard
#SBATCH --cpus-per-task=3
#SBATCH --mem=16G
#SBATCH --time=7-00:00:00

####### load modules
module load python/booth/3.8/3.8.5  gcc/9.2.0

echo "$SLURM_JOB_NAME"

echo "Program starts $(date)"
start_time=$(date +%s)
# perform a task

python3 /home/bcheng4/TwoCapital_Shrink/abatement/postdamage_2jump_repless.py --num_gamma 10 --xi_a 0.0002 --xi_g 0.05  --epsilonarr 0.1 0.008  --fractionarr 0.1 0.008   --maxiterarr 60000 100000  --id 6 --psi_0 0.005 --psi_1 0.5 --name 2jump_step_0.2_0.2_0.2_LR_0.008_Psi01ComparisonSlide --hXarr 0.2 0.2 0.2 --Xminarr 4.00 0.0 -5.5 0.0 --Xmaxarr 9.00 4.0 0.0 3.0

echo "Program ends $(date)"
end_time=$(date +%s)

# elapsed time with second resolution
elapsed=$((end_time - start_time))

eval "echo Elapsed time: $(date -ud "@$elapsed" +'$((%s/3600/24)) days %H hr %M min %S sec')"

Submitted batch job 10174765
#! /bin/bash

######## login
#SBATCH --job-name=0.025_6
#SBATCH --output=./job-outs/2jump_step_0.2_0.2_0.2_LR_0.008_Psi01ComparisonSlide/xia_0.0002_xip_0.025_PSI0_0.005_PSI1_0.5/mercury_post_6.out
#SBATCH --error=./job-outs/2jump_step_0.2_0.2_0.2_LR_0.008_Psi01ComparisonSlide/xia_0.0002_xip_0.025_PSI0_0.005_PSI1_0.5/mercury_post_6.err

#SBATCH --account=pi-lhansen
#SBATCH --partition=standard
#SBATCH --cpus-per-task=3
#SBATCH --mem=16G
#SBATCH --time=7-00:00:00

####### load modules
module load python/booth/3.8/3.8.5  gcc/9.2.0

echo "$SLURM_JOB_NAME"

echo "Program starts $(date)"
start_time=$(date +%s)
# perform a task

python3 /home/bcheng4/TwoCapital_Shrink/abatement/postdamage_2jump_repless.py --num_gamma 10 --xi_a 0.0002 --xi_g 0.025  --epsilonarr 0.1 0.008  --fractionarr 0.1 0.008   --maxiterarr 60000 100000  --id 6 --psi_0 0.005 --psi_1 0.5 --name 2jump_step_0.2_0.2_0.2_LR_0.008_Psi01ComparisonSlide --hXarr 0.2 0.2 0.2 --Xminarr 4.00 0.0 -5.5 0.0 --Xmaxarr 9.00 4.0 0.0 3.0

echo "Program ends $(date)"
end_time=$(date +%s)

# elapsed time with second resolution
elapsed=$((end_time - start_time))

eval "echo Elapsed time: $(date -ud "@$elapsed" +'$((%s/3600/24)) days %H hr %M min %S sec')"

Submitted batch job 10174766
#! /bin/bash

######## login
#SBATCH --job-name=1000._7
#SBATCH --output=./job-outs/2jump_step_0.2_0.2_0.2_LR_0.008_Psi01ComparisonSlide/xia_1000._xip_1000._PSI0_0.005_PSI1_0.5/mercury_post_7.out
#SBATCH --error=./job-outs/2jump_step_0.2_0.2_0.2_LR_0.008_Psi01ComparisonSlide/xia_1000._xip_1000._PSI0_0.005_PSI1_0.5/mercury_post_7.err

#SBATCH --account=pi-lhansen
#SBATCH --partition=standard
#SBATCH --cpus-per-task=3
#SBATCH --mem=16G
#SBATCH --time=7-00:00:00

####### load modules
module load python/booth/3.8/3.8.5  gcc/9.2.0

echo "$SLURM_JOB_NAME"

echo "Program starts $(date)"
start_time=$(date +%s)
# perform a task

python3 /home/bcheng4/TwoCapital_Shrink/abatement/postdamage_2jump_repless.py --num_gamma 10 --xi_a 1000. --xi_g 1000.  --epsilonarr 0.1 0.008  --fractionarr 0.1 0.008   --maxiterarr 60000 100000  --id 7 --psi_0 0.005 --psi_1 0.5 --name 2jump_step_0.2_0.2_0.2_LR_0.008_Psi01ComparisonSlide --hXarr 0.2 0.2 0.2 --Xminarr 4.00 0.0 -5.5 0.0 --Xmaxarr 9.00 4.0 0.0 3.0

echo "Program ends $(date)"
end_time=$(date +%s)

# elapsed time with second resolution
elapsed=$((end_time - start_time))

eval "echo Elapsed time: $(date -ud "@$elapsed" +'$((%s/3600/24)) days %H hr %M min %S sec')"

Submitted batch job 10174767
#! /bin/bash

######## login
#SBATCH --job-name=0.1_7
#SBATCH --output=./job-outs/2jump_step_0.2_0.2_0.2_LR_0.008_Psi01ComparisonSlide/xia_0.0002_xip_0.1_PSI0_0.005_PSI1_0.5/mercury_post_7.out
#SBATCH --error=./job-outs/2jump_step_0.2_0.2_0.2_LR_0.008_Psi01ComparisonSlide/xia_0.0002_xip_0.1_PSI0_0.005_PSI1_0.5/mercury_post_7.err

#SBATCH --account=pi-lhansen
#SBATCH --partition=standard
#SBATCH --cpus-per-task=3
#SBATCH --mem=16G
#SBATCH --time=7-00:00:00

####### load modules
module load python/booth/3.8/3.8.5  gcc/9.2.0

echo "$SLURM_JOB_NAME"

echo "Program starts $(date)"
start_time=$(date +%s)
# perform a task

python3 /home/bcheng4/TwoCapital_Shrink/abatement/postdamage_2jump_repless.py --num_gamma 10 --xi_a 0.0002 --xi_g 0.1  --epsilonarr 0.1 0.008  --fractionarr 0.1 0.008   --maxiterarr 60000 100000  --id 7 --psi_0 0.005 --psi_1 0.5 --name 2jump_step_0.2_0.2_0.2_LR_0.008_Psi01ComparisonSlide --hXarr 0.2 0.2 0.2 --Xminarr 4.00 0.0 -5.5 0.0 --Xmaxarr 9.00 4.0 0.0 3.0

echo "Program ends $(date)"
end_time=$(date +%s)

# elapsed time with second resolution
elapsed=$((end_time - start_time))

eval "echo Elapsed time: $(date -ud "@$elapsed" +'$((%s/3600/24)) days %H hr %M min %S sec')"

Submitted batch job 10174768
#! /bin/bash

######## login
#SBATCH --job-name=0.075_7
#SBATCH --output=./job-outs/2jump_step_0.2_0.2_0.2_LR_0.008_Psi01ComparisonSlide/xia_0.0002_xip_0.075_PSI0_0.005_PSI1_0.5/mercury_post_7.out
#SBATCH --error=./job-outs/2jump_step_0.2_0.2_0.2_LR_0.008_Psi01ComparisonSlide/xia_0.0002_xip_0.075_PSI0_0.005_PSI1_0.5/mercury_post_7.err

#SBATCH --account=pi-lhansen
#SBATCH --partition=standard
#SBATCH --cpus-per-task=3
#SBATCH --mem=16G
#SBATCH --time=7-00:00:00

####### load modules
module load python/booth/3.8/3.8.5  gcc/9.2.0

echo "$SLURM_JOB_NAME"

echo "Program starts $(date)"
start_time=$(date +%s)
# perform a task

python3 /home/bcheng4/TwoCapital_Shrink/abatement/postdamage_2jump_repless.py --num_gamma 10 --xi_a 0.0002 --xi_g 0.075  --epsilonarr 0.1 0.008  --fractionarr 0.1 0.008   --maxiterarr 60000 100000  --id 7 --psi_0 0.005 --psi_1 0.5 --name 2jump_step_0.2_0.2_0.2_LR_0.008_Psi01ComparisonSlide --hXarr 0.2 0.2 0.2 --Xminarr 4.00 0.0 -5.5 0.0 --Xmaxarr 9.00 4.0 0.0 3.0

echo "Program ends $(date)"
end_time=$(date +%s)

# elapsed time with second resolution
elapsed=$((end_time - start_time))

eval "echo Elapsed time: $(date -ud "@$elapsed" +'$((%s/3600/24)) days %H hr %M min %S sec')"

Submitted batch job 10174769
#! /bin/bash

######## login
#SBATCH --job-name=0.05_7
#SBATCH --output=./job-outs/2jump_step_0.2_0.2_0.2_LR_0.008_Psi01ComparisonSlide/xia_0.0002_xip_0.05_PSI0_0.005_PSI1_0.5/mercury_post_7.out
#SBATCH --error=./job-outs/2jump_step_0.2_0.2_0.2_LR_0.008_Psi01ComparisonSlide/xia_0.0002_xip_0.05_PSI0_0.005_PSI1_0.5/mercury_post_7.err

#SBATCH --account=pi-lhansen
#SBATCH --partition=standard
#SBATCH --cpus-per-task=3
#SBATCH --mem=16G
#SBATCH --time=7-00:00:00

####### load modules
module load python/booth/3.8/3.8.5  gcc/9.2.0

echo "$SLURM_JOB_NAME"

echo "Program starts $(date)"
start_time=$(date +%s)
# perform a task

python3 /home/bcheng4/TwoCapital_Shrink/abatement/postdamage_2jump_repless.py --num_gamma 10 --xi_a 0.0002 --xi_g 0.05  --epsilonarr 0.1 0.008  --fractionarr 0.1 0.008   --maxiterarr 60000 100000  --id 7 --psi_0 0.005 --psi_1 0.5 --name 2jump_step_0.2_0.2_0.2_LR_0.008_Psi01ComparisonSlide --hXarr 0.2 0.2 0.2 --Xminarr 4.00 0.0 -5.5 0.0 --Xmaxarr 9.00 4.0 0.0 3.0

echo "Program ends $(date)"
end_time=$(date +%s)

# elapsed time with second resolution
elapsed=$((end_time - start_time))

eval "echo Elapsed time: $(date -ud "@$elapsed" +'$((%s/3600/24)) days %H hr %M min %S sec')"

Submitted batch job 10174770
#! /bin/bash

######## login
#SBATCH --job-name=0.025_7
#SBATCH --output=./job-outs/2jump_step_0.2_0.2_0.2_LR_0.008_Psi01ComparisonSlide/xia_0.0002_xip_0.025_PSI0_0.005_PSI1_0.5/mercury_post_7.out
#SBATCH --error=./job-outs/2jump_step_0.2_0.2_0.2_LR_0.008_Psi01ComparisonSlide/xia_0.0002_xip_0.025_PSI0_0.005_PSI1_0.5/mercury_post_7.err

#SBATCH --account=pi-lhansen
#SBATCH --partition=standard
#SBATCH --cpus-per-task=3
#SBATCH --mem=16G
#SBATCH --time=7-00:00:00

####### load modules
module load python/booth/3.8/3.8.5  gcc/9.2.0

echo "$SLURM_JOB_NAME"

echo "Program starts $(date)"
start_time=$(date +%s)
# perform a task

python3 /home/bcheng4/TwoCapital_Shrink/abatement/postdamage_2jump_repless.py --num_gamma 10 --xi_a 0.0002 --xi_g 0.025  --epsilonarr 0.1 0.008  --fractionarr 0.1 0.008   --maxiterarr 60000 100000  --id 7 --psi_0 0.005 --psi_1 0.5 --name 2jump_step_0.2_0.2_0.2_LR_0.008_Psi01ComparisonSlide --hXarr 0.2 0.2 0.2 --Xminarr 4.00 0.0 -5.5 0.0 --Xmaxarr 9.00 4.0 0.0 3.0

echo "Program ends $(date)"
end_time=$(date +%s)

# elapsed time with second resolution
elapsed=$((end_time - start_time))

eval "echo Elapsed time: $(date -ud "@$elapsed" +'$((%s/3600/24)) days %H hr %M min %S sec')"

Submitted batch job 10174771
#! /bin/bash

######## login
#SBATCH --job-name=1000._8
#SBATCH --output=./job-outs/2jump_step_0.2_0.2_0.2_LR_0.008_Psi01ComparisonSlide/xia_1000._xip_1000._PSI0_0.005_PSI1_0.5/mercury_post_8.out
#SBATCH --error=./job-outs/2jump_step_0.2_0.2_0.2_LR_0.008_Psi01ComparisonSlide/xia_1000._xip_1000._PSI0_0.005_PSI1_0.5/mercury_post_8.err

#SBATCH --account=pi-lhansen
#SBATCH --partition=standard
#SBATCH --cpus-per-task=3
#SBATCH --mem=16G
#SBATCH --time=7-00:00:00

####### load modules
module load python/booth/3.8/3.8.5  gcc/9.2.0

echo "$SLURM_JOB_NAME"

echo "Program starts $(date)"
start_time=$(date +%s)
# perform a task

python3 /home/bcheng4/TwoCapital_Shrink/abatement/postdamage_2jump_repless.py --num_gamma 10 --xi_a 1000. --xi_g 1000.  --epsilonarr 0.1 0.008  --fractionarr 0.1 0.008   --maxiterarr 60000 100000  --id 8 --psi_0 0.005 --psi_1 0.5 --name 2jump_step_0.2_0.2_0.2_LR_0.008_Psi01ComparisonSlide --hXarr 0.2 0.2 0.2 --Xminarr 4.00 0.0 -5.5 0.0 --Xmaxarr 9.00 4.0 0.0 3.0

echo "Program ends $(date)"
end_time=$(date +%s)

# elapsed time with second resolution
elapsed=$((end_time - start_time))

eval "echo Elapsed time: $(date -ud "@$elapsed" +'$((%s/3600/24)) days %H hr %M min %S sec')"

Submitted batch job 10174772
#! /bin/bash

######## login
#SBATCH --job-name=0.1_8
#SBATCH --output=./job-outs/2jump_step_0.2_0.2_0.2_LR_0.008_Psi01ComparisonSlide/xia_0.0002_xip_0.1_PSI0_0.005_PSI1_0.5/mercury_post_8.out
#SBATCH --error=./job-outs/2jump_step_0.2_0.2_0.2_LR_0.008_Psi01ComparisonSlide/xia_0.0002_xip_0.1_PSI0_0.005_PSI1_0.5/mercury_post_8.err

#SBATCH --account=pi-lhansen
#SBATCH --partition=standard
#SBATCH --cpus-per-task=3
#SBATCH --mem=16G
#SBATCH --time=7-00:00:00

####### load modules
module load python/booth/3.8/3.8.5  gcc/9.2.0

echo "$SLURM_JOB_NAME"

echo "Program starts $(date)"
start_time=$(date +%s)
# perform a task

python3 /home/bcheng4/TwoCapital_Shrink/abatement/postdamage_2jump_repless.py --num_gamma 10 --xi_a 0.0002 --xi_g 0.1  --epsilonarr 0.1 0.008  --fractionarr 0.1 0.008   --maxiterarr 60000 100000  --id 8 --psi_0 0.005 --psi_1 0.5 --name 2jump_step_0.2_0.2_0.2_LR_0.008_Psi01ComparisonSlide --hXarr 0.2 0.2 0.2 --Xminarr 4.00 0.0 -5.5 0.0 --Xmaxarr 9.00 4.0 0.0 3.0

echo "Program ends $(date)"
end_time=$(date +%s)

# elapsed time with second resolution
elapsed=$((end_time - start_time))

eval "echo Elapsed time: $(date -ud "@$elapsed" +'$((%s/3600/24)) days %H hr %M min %S sec')"

Submitted batch job 10174773
#! /bin/bash

######## login
#SBATCH --job-name=0.075_8
#SBATCH --output=./job-outs/2jump_step_0.2_0.2_0.2_LR_0.008_Psi01ComparisonSlide/xia_0.0002_xip_0.075_PSI0_0.005_PSI1_0.5/mercury_post_8.out
#SBATCH --error=./job-outs/2jump_step_0.2_0.2_0.2_LR_0.008_Psi01ComparisonSlide/xia_0.0002_xip_0.075_PSI0_0.005_PSI1_0.5/mercury_post_8.err

#SBATCH --account=pi-lhansen
#SBATCH --partition=standard
#SBATCH --cpus-per-task=3
#SBATCH --mem=16G
#SBATCH --time=7-00:00:00

####### load modules
module load python/booth/3.8/3.8.5  gcc/9.2.0

echo "$SLURM_JOB_NAME"

echo "Program starts $(date)"
start_time=$(date +%s)
# perform a task

python3 /home/bcheng4/TwoCapital_Shrink/abatement/postdamage_2jump_repless.py --num_gamma 10 --xi_a 0.0002 --xi_g 0.075  --epsilonarr 0.1 0.008  --fractionarr 0.1 0.008   --maxiterarr 60000 100000  --id 8 --psi_0 0.005 --psi_1 0.5 --name 2jump_step_0.2_0.2_0.2_LR_0.008_Psi01ComparisonSlide --hXarr 0.2 0.2 0.2 --Xminarr 4.00 0.0 -5.5 0.0 --Xmaxarr 9.00 4.0 0.0 3.0

echo "Program ends $(date)"
end_time=$(date +%s)

# elapsed time with second resolution
elapsed=$((end_time - start_time))

eval "echo Elapsed time: $(date -ud "@$elapsed" +'$((%s/3600/24)) days %H hr %M min %S sec')"

Submitted batch job 10174774
#! /bin/bash

######## login
#SBATCH --job-name=0.05_8
#SBATCH --output=./job-outs/2jump_step_0.2_0.2_0.2_LR_0.008_Psi01ComparisonSlide/xia_0.0002_xip_0.05_PSI0_0.005_PSI1_0.5/mercury_post_8.out
#SBATCH --error=./job-outs/2jump_step_0.2_0.2_0.2_LR_0.008_Psi01ComparisonSlide/xia_0.0002_xip_0.05_PSI0_0.005_PSI1_0.5/mercury_post_8.err

#SBATCH --account=pi-lhansen
#SBATCH --partition=standard
#SBATCH --cpus-per-task=3
#SBATCH --mem=16G
#SBATCH --time=7-00:00:00

####### load modules
module load python/booth/3.8/3.8.5  gcc/9.2.0

echo "$SLURM_JOB_NAME"

echo "Program starts $(date)"
start_time=$(date +%s)
# perform a task

python3 /home/bcheng4/TwoCapital_Shrink/abatement/postdamage_2jump_repless.py --num_gamma 10 --xi_a 0.0002 --xi_g 0.05  --epsilonarr 0.1 0.008  --fractionarr 0.1 0.008   --maxiterarr 60000 100000  --id 8 --psi_0 0.005 --psi_1 0.5 --name 2jump_step_0.2_0.2_0.2_LR_0.008_Psi01ComparisonSlide --hXarr 0.2 0.2 0.2 --Xminarr 4.00 0.0 -5.5 0.0 --Xmaxarr 9.00 4.0 0.0 3.0

echo "Program ends $(date)"
end_time=$(date +%s)

# elapsed time with second resolution
elapsed=$((end_time - start_time))

eval "echo Elapsed time: $(date -ud "@$elapsed" +'$((%s/3600/24)) days %H hr %M min %S sec')"

Submitted batch job 10174775
#! /bin/bash

######## login
#SBATCH --job-name=0.025_8
#SBATCH --output=./job-outs/2jump_step_0.2_0.2_0.2_LR_0.008_Psi01ComparisonSlide/xia_0.0002_xip_0.025_PSI0_0.005_PSI1_0.5/mercury_post_8.out
#SBATCH --error=./job-outs/2jump_step_0.2_0.2_0.2_LR_0.008_Psi01ComparisonSlide/xia_0.0002_xip_0.025_PSI0_0.005_PSI1_0.5/mercury_post_8.err

#SBATCH --account=pi-lhansen
#SBATCH --partition=standard
#SBATCH --cpus-per-task=3
#SBATCH --mem=16G
#SBATCH --time=7-00:00:00

####### load modules
module load python/booth/3.8/3.8.5  gcc/9.2.0

echo "$SLURM_JOB_NAME"

echo "Program starts $(date)"
start_time=$(date +%s)
# perform a task

python3 /home/bcheng4/TwoCapital_Shrink/abatement/postdamage_2jump_repless.py --num_gamma 10 --xi_a 0.0002 --xi_g 0.025  --epsilonarr 0.1 0.008  --fractionarr 0.1 0.008   --maxiterarr 60000 100000  --id 8 --psi_0 0.005 --psi_1 0.5 --name 2jump_step_0.2_0.2_0.2_LR_0.008_Psi01ComparisonSlide --hXarr 0.2 0.2 0.2 --Xminarr 4.00 0.0 -5.5 0.0 --Xmaxarr 9.00 4.0 0.0 3.0

echo "Program ends $(date)"
end_time=$(date +%s)

# elapsed time with second resolution
elapsed=$((end_time - start_time))

eval "echo Elapsed time: $(date -ud "@$elapsed" +'$((%s/3600/24)) days %H hr %M min %S sec')"

Submitted batch job 10174776
#! /bin/bash

######## login
#SBATCH --job-name=1000._9
#SBATCH --output=./job-outs/2jump_step_0.2_0.2_0.2_LR_0.008_Psi01ComparisonSlide/xia_1000._xip_1000._PSI0_0.005_PSI1_0.5/mercury_post_9.out
#SBATCH --error=./job-outs/2jump_step_0.2_0.2_0.2_LR_0.008_Psi01ComparisonSlide/xia_1000._xip_1000._PSI0_0.005_PSI1_0.5/mercury_post_9.err

#SBATCH --account=pi-lhansen
#SBATCH --partition=standard
#SBATCH --cpus-per-task=3
#SBATCH --mem=16G
#SBATCH --time=7-00:00:00

####### load modules
module load python/booth/3.8/3.8.5  gcc/9.2.0

echo "$SLURM_JOB_NAME"

echo "Program starts $(date)"
start_time=$(date +%s)
# perform a task

python3 /home/bcheng4/TwoCapital_Shrink/abatement/postdamage_2jump_repless.py --num_gamma 10 --xi_a 1000. --xi_g 1000.  --epsilonarr 0.1 0.008  --fractionarr 0.1 0.008   --maxiterarr 60000 100000  --id 9 --psi_0 0.005 --psi_1 0.5 --name 2jump_step_0.2_0.2_0.2_LR_0.008_Psi01ComparisonSlide --hXarr 0.2 0.2 0.2 --Xminarr 4.00 0.0 -5.5 0.0 --Xmaxarr 9.00 4.0 0.0 3.0

echo "Program ends $(date)"
end_time=$(date +%s)

# elapsed time with second resolution
elapsed=$((end_time - start_time))

eval "echo Elapsed time: $(date -ud "@$elapsed" +'$((%s/3600/24)) days %H hr %M min %S sec')"

Submitted batch job 10174777
#! /bin/bash

######## login
#SBATCH --job-name=0.1_9
#SBATCH --output=./job-outs/2jump_step_0.2_0.2_0.2_LR_0.008_Psi01ComparisonSlide/xia_0.0002_xip_0.1_PSI0_0.005_PSI1_0.5/mercury_post_9.out
#SBATCH --error=./job-outs/2jump_step_0.2_0.2_0.2_LR_0.008_Psi01ComparisonSlide/xia_0.0002_xip_0.1_PSI0_0.005_PSI1_0.5/mercury_post_9.err

#SBATCH --account=pi-lhansen
#SBATCH --partition=standard
#SBATCH --cpus-per-task=3
#SBATCH --mem=16G
#SBATCH --time=7-00:00:00

####### load modules
module load python/booth/3.8/3.8.5  gcc/9.2.0

echo "$SLURM_JOB_NAME"

echo "Program starts $(date)"
start_time=$(date +%s)
# perform a task

python3 /home/bcheng4/TwoCapital_Shrink/abatement/postdamage_2jump_repless.py --num_gamma 10 --xi_a 0.0002 --xi_g 0.1  --epsilonarr 0.1 0.008  --fractionarr 0.1 0.008   --maxiterarr 60000 100000  --id 9 --psi_0 0.005 --psi_1 0.5 --name 2jump_step_0.2_0.2_0.2_LR_0.008_Psi01ComparisonSlide --hXarr 0.2 0.2 0.2 --Xminarr 4.00 0.0 -5.5 0.0 --Xmaxarr 9.00 4.0 0.0 3.0

echo "Program ends $(date)"
end_time=$(date +%s)

# elapsed time with second resolution
elapsed=$((end_time - start_time))

eval "echo Elapsed time: $(date -ud "@$elapsed" +'$((%s/3600/24)) days %H hr %M min %S sec')"

Submitted batch job 10174778
#! /bin/bash

######## login
#SBATCH --job-name=0.075_9
#SBATCH --output=./job-outs/2jump_step_0.2_0.2_0.2_LR_0.008_Psi01ComparisonSlide/xia_0.0002_xip_0.075_PSI0_0.005_PSI1_0.5/mercury_post_9.out
#SBATCH --error=./job-outs/2jump_step_0.2_0.2_0.2_LR_0.008_Psi01ComparisonSlide/xia_0.0002_xip_0.075_PSI0_0.005_PSI1_0.5/mercury_post_9.err

#SBATCH --account=pi-lhansen
#SBATCH --partition=standard
#SBATCH --cpus-per-task=3
#SBATCH --mem=16G
#SBATCH --time=7-00:00:00

####### load modules
module load python/booth/3.8/3.8.5  gcc/9.2.0

echo "$SLURM_JOB_NAME"

echo "Program starts $(date)"
start_time=$(date +%s)
# perform a task

python3 /home/bcheng4/TwoCapital_Shrink/abatement/postdamage_2jump_repless.py --num_gamma 10 --xi_a 0.0002 --xi_g 0.075  --epsilonarr 0.1 0.008  --fractionarr 0.1 0.008   --maxiterarr 60000 100000  --id 9 --psi_0 0.005 --psi_1 0.5 --name 2jump_step_0.2_0.2_0.2_LR_0.008_Psi01ComparisonSlide --hXarr 0.2 0.2 0.2 --Xminarr 4.00 0.0 -5.5 0.0 --Xmaxarr 9.00 4.0 0.0 3.0

echo "Program ends $(date)"
end_time=$(date +%s)

# elapsed time with second resolution
elapsed=$((end_time - start_time))

eval "echo Elapsed time: $(date -ud "@$elapsed" +'$((%s/3600/24)) days %H hr %M min %S sec')"

Submitted batch job 10174779
#! /bin/bash

######## login
#SBATCH --job-name=0.05_9
#SBATCH --output=./job-outs/2jump_step_0.2_0.2_0.2_LR_0.008_Psi01ComparisonSlide/xia_0.0002_xip_0.05_PSI0_0.005_PSI1_0.5/mercury_post_9.out
#SBATCH --error=./job-outs/2jump_step_0.2_0.2_0.2_LR_0.008_Psi01ComparisonSlide/xia_0.0002_xip_0.05_PSI0_0.005_PSI1_0.5/mercury_post_9.err

#SBATCH --account=pi-lhansen
#SBATCH --partition=standard
#SBATCH --cpus-per-task=3
#SBATCH --mem=16G
#SBATCH --time=7-00:00:00

####### load modules
module load python/booth/3.8/3.8.5  gcc/9.2.0

echo "$SLURM_JOB_NAME"

echo "Program starts $(date)"
start_time=$(date +%s)
# perform a task

python3 /home/bcheng4/TwoCapital_Shrink/abatement/postdamage_2jump_repless.py --num_gamma 10 --xi_a 0.0002 --xi_g 0.05  --epsilonarr 0.1 0.008  --fractionarr 0.1 0.008   --maxiterarr 60000 100000  --id 9 --psi_0 0.005 --psi_1 0.5 --name 2jump_step_0.2_0.2_0.2_LR_0.008_Psi01ComparisonSlide --hXarr 0.2 0.2 0.2 --Xminarr 4.00 0.0 -5.5 0.0 --Xmaxarr 9.00 4.0 0.0 3.0

echo "Program ends $(date)"
end_time=$(date +%s)

# elapsed time with second resolution
elapsed=$((end_time - start_time))

eval "echo Elapsed time: $(date -ud "@$elapsed" +'$((%s/3600/24)) days %H hr %M min %S sec')"

Submitted batch job 10174780
#! /bin/bash

######## login
#SBATCH --job-name=0.025_9
#SBATCH --output=./job-outs/2jump_step_0.2_0.2_0.2_LR_0.008_Psi01ComparisonSlide/xia_0.0002_xip_0.025_PSI0_0.005_PSI1_0.5/mercury_post_9.out
#SBATCH --error=./job-outs/2jump_step_0.2_0.2_0.2_LR_0.008_Psi01ComparisonSlide/xia_0.0002_xip_0.025_PSI0_0.005_PSI1_0.5/mercury_post_9.err

#SBATCH --account=pi-lhansen
#SBATCH --partition=standard
#SBATCH --cpus-per-task=3
#SBATCH --mem=16G
#SBATCH --time=7-00:00:00

####### load modules
module load python/booth/3.8/3.8.5  gcc/9.2.0

echo "$SLURM_JOB_NAME"

echo "Program starts $(date)"
start_time=$(date +%s)
# perform a task

python3 /home/bcheng4/TwoCapital_Shrink/abatement/postdamage_2jump_repless.py --num_gamma 10 --xi_a 0.0002 --xi_g 0.025  --epsilonarr 0.1 0.008  --fractionarr 0.1 0.008   --maxiterarr 60000 100000  --id 9 --psi_0 0.005 --psi_1 0.5 --name 2jump_step_0.2_0.2_0.2_LR_0.008_Psi01ComparisonSlide --hXarr 0.2 0.2 0.2 --Xminarr 4.00 0.0 -5.5 0.0 --Xmaxarr 9.00 4.0 0.0 3.0

echo "Program ends $(date)"
end_time=$(date +%s)

# elapsed time with second resolution
elapsed=$((end_time - start_time))

eval "echo Elapsed time: $(date -ud "@$elapsed" +'$((%s/3600/24)) days %H hr %M min %S sec')"

Submitted batch job 10174781
